

   ______________________________________________________________________________________________________________

                     EJECUCION DE PROCESO - DATE: 19/10/22 16:34:27 - DATABASE: GISPR02
                                               SCRIPT EJECUTADO: /stage/gis/imple/procesos/TMT/trans/TPR/batch/RegistraBPACuentasNoEDP.ksh

   ______________________________________________________________________________________________________________

    * 19/10/22 16:34:27 - Iniciando ejecucion ............... 



    * 19/10/22 16:34:27 - Detalle Ejecucion proceso ............... 

Marca Insertada para la cuenta: 5891950022
Marca Insertada para la cuenta: 9232414313
Marca Insertada para la cuenta: 0666225257
Marca Insertada para la cuenta: 6137963361
Marca Insertada para la cuenta: 2214255069
Marca Insertada para la cuenta: 9814027097
Marca Insertada para la cuenta: 8552382791
Marca Insertada para la cuenta: 8474449822
Marca Insertada para la cuenta: 7723708915
Marca Insertada para la cuenta: 1653186926
Marca Insertada para la cuenta: 8385933885
Marca Insertada para la cuenta: 0035134182
Marca Insertada para la cuenta: 4489285529
Marca Insertada para la cuenta: 6921161367
Marca Insertada para la cuenta: 0161933392
Marca Insertada para la cuenta: 7713987992
Marca Insertada para la cuenta: 1962996458
Marca Insertada para la cuenta: 1936884851
Marca Insertada para la cuenta: 0963058008
Marca Insertada para la cuenta: 9525001930
Marca Insertada para la cuenta: 8986000706
Marca Insertada para la cuenta: 8119930909
Marca Insertada para la cuenta: 4130372897
Marca Insertada para la cuenta: 2807185272
Marca Insertada para la cuenta: 8610929243
Marca Insertada para la cuenta: 0668154970
Marca Insertada para la cuenta: 3327092206
Marca Insertada para la cuenta: 5658899764
Marca Insertada para la cuenta: 1607421956
Marca Insertada para la cuenta: 4775101348
Marca Insertada para la cuenta: 8771769955
Marca Insertada para la cuenta: 5640535281
Marca Insertada para la cuenta: 7164678607
Marca Insertada para la cuenta: 5108850834
Marca Insertada para la cuenta: 0328328111
Marca Insertada para la cuenta: 0532649991
Marca Insertada para la cuenta: 3039609633
Marca Insertada para la cuenta: 8617307471
Marca Insertada para la cuenta: 7223585300
Marca Insertada para la cuenta: 9590894799
Marca Insertada para la cuenta: 8297851378
Marca Insertada para la cuenta: 9711159455
Marca Insertada para la cuenta: 2958232643
Marca Insertada para la cuenta: 3076112012
Marca Insertada para la cuenta: 6198281795
Marca Insertada para la cuenta: 8172043492
Marca Insertada para la cuenta: 0040454465
Marca Insertada para la cuenta: 8231168162
Marca Insertada para la cuenta: 0443592403
Marca Insertada para la cuenta: 4021032364
Marca Insertada para la cuenta: 9205612912
Marca Insertada para la cuenta: 3915124290
Marca Insertada para la cuenta: 9351960171
Marca Insertada para la cuenta: 1205291373
Marca Insertada para la cuenta: 5915736977
Marca Insertada para la cuenta: 9724377448
Marca Insertada para la cuenta: 8130570038
Marca Insertada para la cuenta: 8335949102
Marca Insertada para la cuenta: 2277257443
Marca Insertada para la cuenta: 0446761264
Marca Insertada para la cuenta: 0434738401
Marca Insertada para la cuenta: 1910231184
Marca Insertada para la cuenta: 1096975502
Marca Insertada para la cuenta: 4486257808
Marca Insertada para la cuenta: 4351734787
Marca Insertada para la cuenta: 2909879618
Marca Insertada para la cuenta: 3481615472
Marca Insertada para la cuenta: 8951178438
Marca Insertada para la cuenta: 6846026291
Marca Insertada para la cuenta: 1471381350
Marca Insertada para la cuenta: 7778907856
Marca Insertada para la cuenta: 2167642439
Marca Insertada para la cuenta: 8732567223
Marca Insertada para la cuenta: 4685425082
Marca Insertada para la cuenta: 7111025081
Marca Insertada para la cuenta: 5953095549
Marca Insertada para la cuenta: 1629973593
Marca Insertada para la cuenta: 2710362291
Marca Insertada para la cuenta: 3347203066
Marca Insertada para la cuenta: 1362391627
Marca Insertada para la cuenta: 5688279197
Marca Insertada para la cuenta: 7776258211
Marca Insertada para la cuenta: 1323367897
Marca Insertada para la cuenta: 4857975069
Marca Insertada para la cuenta: 0578035601
Marca Insertada para la cuenta: 4775185459
Marca Insertada para la cuenta: 4528593498
Marca Insertada para la cuenta: 3770026894
Marca Insertada para la cuenta: 1407662604
Marca Insertada para la cuenta: 2839572101
Marca Insertada para la cuenta: 3143944386
Marca Insertada para la cuenta: 9632140845
Marca Insertada para la cuenta: 3005079117
Marca Insertada para la cuenta: 3775594116
Marca Insertada para la cuenta: 3046856034
Marca Insertada para la cuenta: 6750792569
Marca Insertada para la cuenta: 2468948707
Marca Insertada para la cuenta: 5933137621
Marca Insertada para la cuenta: 4368146751
Marca Insertada para la cuenta: 8387873605
Marca Insertada para la cuenta: 3387949246
Marca Insertada para la cuenta: 5861571052
Marca Insertada para la cuenta: 6967131923
Marca Insertada para la cuenta: 5736704740
Marca Insertada para la cuenta: 6806708671
Marca Insertada para la cuenta: 1365534221
Marca Insertada para la cuenta: 4496462110
Marca Insertada para la cuenta: 4107193141
Marca Insertada para la cuenta: 2739454148
Marca Insertada para la cuenta: 1363151124
Marca Insertada para la cuenta: 7552903750
Marca Insertada para la cuenta: 9025798475
Marca Insertada para la cuenta: 6876647596
Marca Insertada para la cuenta: 3791004673
Marca Insertada para la cuenta: 5359548268
Marca Insertada para la cuenta: 5754179684
Marca Insertada para la cuenta: 6107506873
Marca Insertada para la cuenta: 4867465284
Marca Insertada para la cuenta: 9335388387
Marca Insertada para la cuenta: 1866995666
Marca Insertada para la cuenta: 0118964553
Marca Insertada para la cuenta: 6477377099
Marca Insertada para la cuenta: 6282719577
Marca Insertada para la cuenta: 8031505749
Marca Insertada para la cuenta: 3369009672
Marca Insertada para la cuenta: 1651378193
Marca Insertada para la cuenta: 2839836818
Marca Insertada para la cuenta: 3530734914
Marca Insertada para la cuenta: 2166978860
Marca Insertada para la cuenta: 4419738942
Marca Insertada para la cuenta: 2960985445
Marca Insertada para la cuenta: 8374726719
Marca Insertada para la cuenta: 3159016757
Marca Insertada para la cuenta: 1790617494
Marca Insertada para la cuenta: 5808813425
Marca Insertada para la cuenta: 4505857664
Marca Insertada para la cuenta: 4636752900
Marca Insertada para la cuenta: 5557513023
Marca Insertada para la cuenta: 3650191176
Marca Insertada para la cuenta: 1334273861
Marca Insertada para la cuenta: 2743631821
Marca Insertada para la cuenta: 1963186445
Marca Insertada para la cuenta: 5820056328
Marca Insertada para la cuenta: 6970002210
Marca Insertada para la cuenta: 2556857662
Marca Insertada para la cuenta: 8152553557
Marca Insertada para la cuenta: 8621714290
Marca Insertada para la cuenta: 0829933636
Marca Insertada para la cuenta: 8691134092
Marca Insertada para la cuenta: 4072553289
Marca Insertada para la cuenta: 8253535974
Marca Insertada para la cuenta: 8685917826
Marca Insertada para la cuenta: 1631714933
Marca Insertada para la cuenta: 5908912614
Marca Insertada para la cuenta: 2578250652
Marca Insertada para la cuenta: 5905727170
Marca Insertada para la cuenta: 9841173938
Marca Insertada para la cuenta: 2882778497
Marca Insertada para la cuenta: 3018267340
Marca Insertada para la cuenta: 4109418281
Marca Insertada para la cuenta: 5060249475
Marca Insertada para la cuenta: 3318612845
Marca Insertada para la cuenta: 0530180146
Marca Insertada para la cuenta: 2493524176
Marca Insertada para la cuenta: 9376005295
Marca Insertada para la cuenta: 0467330969
Marca Insertada para la cuenta: 1708809290
Marca Insertada para la cuenta: 6014258030
Marca Insertada para la cuenta: 5922395124
Marca Insertada para la cuenta: 1356877870
Marca Insertada para la cuenta: 4355263020
Marca Insertada para la cuenta: 2894129569
Marca Insertada para la cuenta: 9334848960
Marca Insertada para la cuenta: 9582060682
Marca Insertada para la cuenta: 1473628142
Marca Insertada para la cuenta: 4475874460
Marca Insertada para la cuenta: 8653996749
Marca Insertada para la cuenta: 9614949293
Marca Insertada para la cuenta: 0156829494
Marca Insertada para la cuenta: 5263880825
Marca Insertada para la cuenta: 8832006706
Marca Insertada para la cuenta: 3916137687
Marca Insertada para la cuenta: 6725062348
Marca Insertada para la cuenta: 0023057376
Marca Insertada para la cuenta: 5602580809
Marca Insertada para la cuenta: 2884162563
Marca Insertada para la cuenta: 1655343528
Marca Insertada para la cuenta: 0743658300
Marca Insertada para la cuenta: 1006669007
Marca Insertada para la cuenta: 1209817493
Marca Insertada para la cuenta: 9643296597
Marca Insertada para la cuenta: 1749366816
Marca Insertada para la cuenta: 7327255214
Marca Insertada para la cuenta: 8340580684
Marca Insertada para la cuenta: 5678334085
Marca Insertada para la cuenta: 1891863691
Marca Insertada para la cuenta: 7324781167
Marca Insertada para la cuenta: 9717458273
Marca Insertada para la cuenta: 9963257640
Marca Insertada para la cuenta: 8932283029
Marca Insertada para la cuenta: 9910509315
Marca Insertada para la cuenta: 7076179340
Marca Insertada para la cuenta: 8042704719
Marca Insertada para la cuenta: 1946702627
Marca Insertada para la cuenta: 1492670597
Marca Insertada para la cuenta: 7528695892
Marca Insertada para la cuenta: 0205880091
Marca Insertada para la cuenta: 5560423226
Marca Insertada para la cuenta: 6123234999
Marca Insertada para la cuenta: 7900804674
Marca Insertada para la cuenta: 1654230807
Marca Insertada para la cuenta: 0046408586
Marca Insertada para la cuenta: 8340057065
Marca Insertada para la cuenta: 9022310601
Marca Insertada para la cuenta: 7567991465
Marca Insertada para la cuenta: 2950341325
Marca Insertada para la cuenta: 9214435989
Marca Insertada para la cuenta: 8377618477
Marca Insertada para la cuenta: 6245164564
Marca Insertada para la cuenta: 4733960330
Marca Insertada para la cuenta: 2436773089
Marca Insertada para la cuenta: 0161780179
Marca Insertada para la cuenta: 4898341736
Marca Insertada para la cuenta: 5957922315
Marca Insertada para la cuenta: 1893813459
Marca Insertada para la cuenta: 5237607224
Marca Insertada para la cuenta: 1394193944
Marca Insertada para la cuenta: 8747833904
Marca Insertada para la cuenta: 6164990197
Marca Insertada para la cuenta: 0965715972
Marca Insertada para la cuenta: 4289336967
Marca Insertada para la cuenta: 2063088188
Marca Insertada para la cuenta: 8738325220
Marca Insertada para la cuenta: 6369030678
Marca Insertada para la cuenta: 9904124928
Marca Insertada para la cuenta: 5224716594
Marca Insertada para la cuenta: 3218861909
Marca Insertada para la cuenta: 0441904884
Marca Insertada para la cuenta: 0035878039
Marca Insertada para la cuenta: 6178917717
Marca Insertada para la cuenta: 1977175683
Marca Insertada para la cuenta: 6283075508
Marca Insertada para la cuenta: 7316955900
Marca Insertada para la cuenta: 9969492274
Marca Insertada para la cuenta: 3427935629
Marca Insertada para la cuenta: 9040356595
Marca Insertada para la cuenta: 9929597878
Marca Insertada para la cuenta: 7324238938
Marca Insertada para la cuenta: 7756160250
Marca Insertada para la cuenta: 0325837542
Marca Insertada para la cuenta: 6469797741
Marca Insertada para la cuenta: 4008270091
Marca Insertada para la cuenta: 6577635887
Marca Insertada para la cuenta: 3897560911
Marca Insertada para la cuenta: 3412214485
Marca Insertada para la cuenta: 0237807829
Marca Insertada para la cuenta: 3416561490
Marca Insertada para la cuenta: 2372630925
Marca Insertada para la cuenta: 2019465714
Marca Insertada para la cuenta: 0942937157
Marca Insertada para la cuenta: 8653415522
Marca Insertada para la cuenta: 6499762590
Marca Insertada para la cuenta: 5278969758
Marca Insertada para la cuenta: 2419089429
Marca Insertada para la cuenta: 7213420600
Marca Insertada para la cuenta: 1605869879
Marca Insertada para la cuenta: 6157862203
Marca Insertada para la cuenta: 8140337677
Marca Insertada para la cuenta: 3733277951
Marca Insertada para la cuenta: 5455652334
Marca Insertada para la cuenta: 9559674013
Marca Insertada para la cuenta: 0838193792
Marca Insertada para la cuenta: 8809451995
Marca Insertada para la cuenta: 0745615560
Marca Insertada para la cuenta: 9263705305
Marca Insertada para la cuenta: 0386191140
Marca Insertada para la cuenta: 4980085122
Marca Insertada para la cuenta: 0200351109
Marca Insertada para la cuenta: 0102919169
Marca Insertada para la cuenta: 9709057043
Marca Insertada para la cuenta: 5124024859
Marca Insertada para la cuenta: 0977380326
Marca Insertada para la cuenta: 1628753460
Marca Insertada para la cuenta: 2404384185
Marca Insertada para la cuenta: 9238284739
Marca Insertada para la cuenta: 5314384463
Marca Insertada para la cuenta: 6450919564
Marca Insertada para la cuenta: 2010774074
Marca Insertada para la cuenta: 9248258415
Marca Insertada para la cuenta: 8773955881
Marca Insertada para la cuenta: 0988838107
Marca Insertada para la cuenta: 9349098750
Marca Insertada para la cuenta: 6837481832
Marca Insertada para la cuenta: 5301288708
Marca Insertada para la cuenta: 3710410523
Marca Insertada para la cuenta: 6371788987
Marca Insertada para la cuenta: 2744111147
Marca Insertada para la cuenta: 7252677463
Marca Insertada para la cuenta: 2715082949
Marca Insertada para la cuenta: 7715715575
Marca Insertada para la cuenta: 6424324070
Marca Insertada para la cuenta: 4455802596
Marca Insertada para la cuenta: 4561822502
Marca Insertada para la cuenta: 3257344189
Marca Insertada para la cuenta: 8905971987
Marca Insertada para la cuenta: 7919356423
Marca Insertada para la cuenta: 0389891816
Marca Insertada para la cuenta: 0005554691
Marca Insertada para la cuenta: 7985512665
Marca Insertada para la cuenta: 9094372976
Marca Insertada para la cuenta: 4978342850
Marca Insertada para la cuenta: 4925297542
Marca Insertada para la cuenta: 8175536637
Marca Insertada para la cuenta: 3642425741
Marca Insertada para la cuenta: 5357390189
Marca Insertada para la cuenta: 9171061400
Marca Insertada para la cuenta: 3313224941
Marca Insertada para la cuenta: 3355371057
Marca Insertada para la cuenta: 0943711662
Marca Insertada para la cuenta: 4640263695
Marca Insertada para la cuenta: 6917970198
Marca Insertada para la cuenta: 2523438933
Marca Insertada para la cuenta: 1764042756
Marca Insertada para la cuenta: 0783077965
Marca Insertada para la cuenta: 7805529088
Marca Insertada para la cuenta: 2174107973
Marca Insertada para la cuenta: 7585177889
Marca Insertada para la cuenta: 9160411917
Marca Insertada para la cuenta: 0982535574
Marca Insertada para la cuenta: 0512741818
Marca Insertada para la cuenta: 0153332866
Marca Insertada para la cuenta: 4506694037
Marca Insertada para la cuenta: 7803666657
Marca Insertada para la cuenta: 5240279748
Marca Insertada para la cuenta: 5484076891
Marca Insertada para la cuenta: 6091937899
Marca Insertada para la cuenta: 2476756094
Marca Insertada para la cuenta: 1738869835
Marca Insertada para la cuenta: 4834252056
Marca Insertada para la cuenta: 6657252727
Marca Insertada para la cuenta: 4973576715
Marca Insertada para la cuenta: 0188499112
Marca Insertada para la cuenta: 6344415003
Marca Insertada para la cuenta: 3138406709
Marca Insertada para la cuenta: 3522771730
Marca Insertada para la cuenta: 0285440268
Marca Insertada para la cuenta: 1128594551
Marca Insertada para la cuenta: 1473504810
Marca Insertada para la cuenta: 2580139461
Marca Insertada para la cuenta: 8861486014
Marca Insertada para la cuenta: 2451544281
Marca Insertada para la cuenta: 3165883676
Marca Insertada para la cuenta: 4674651056
Marca Insertada para la cuenta: 4292989760
Marca Insertada para la cuenta: 8075972785
Marca Insertada para la cuenta: 4219114640
Marca Insertada para la cuenta: 0640269909
Marca Insertada para la cuenta: 5153098859
Marca Insertada para la cuenta: 1984777929
Marca Insertada para la cuenta: 3829650768
Marca Insertada para la cuenta: 2404112827
Marca Insertada para la cuenta: 2833604904
Marca Insertada para la cuenta: 8302783569
Marca Insertada para la cuenta: 5798198628
Marca Insertada para la cuenta: 5681281728
Marca Insertada para la cuenta: 0280424100
Marca Insertada para la cuenta: 8014064080
Marca Insertada para la cuenta: 3446760935
Marca Insertada para la cuenta: 9443538427
Marca Insertada para la cuenta: 3370522865
Marca Insertada para la cuenta: 6120051660
Marca Insertada para la cuenta: 4947526893
Marca Insertada para la cuenta: 7468953239
Marca Insertada para la cuenta: 7844401245
Marca Insertada para la cuenta: 2122216157
Marca Insertada para la cuenta: 5870274728
Marca Insertada para la cuenta: 1606536594
Marca Insertada para la cuenta: 0245563902
Marca Insertada para la cuenta: 7922296227
Marca Insertada para la cuenta: 3665556935
Marca Insertada para la cuenta: 5082379244
Marca Insertada para la cuenta: 7983048264
Marca Insertada para la cuenta: 8783117993
Marca Insertada para la cuenta: 5424006357
Marca Insertada para la cuenta: 9029200621
Marca Insertada para la cuenta: 5278621483
Marca Insertada para la cuenta: 7507891176
Marca Insertada para la cuenta: 9146738007
Marca Insertada para la cuenta: 6652374064
Marca Insertada para la cuenta: 6930405853
Marca Insertada para la cuenta: 0481191658
Marca Insertada para la cuenta: 8420657165
Marca Insertada para la cuenta: 3259393799
Marca Insertada para la cuenta: 4723715451
Marca Insertada para la cuenta: 1011222531
Marca Insertada para la cuenta: 4217310904
Marca Insertada para la cuenta: 8730164065
Marca Insertada para la cuenta: 5955357692
Marca Insertada para la cuenta: 4120542506
Marca Insertada para la cuenta: 0779980639
Marca Insertada para la cuenta: 2408202882
Marca Insertada para la cuenta: 6763656192
Marca Insertada para la cuenta: 7049527524
Marca Insertada para la cuenta: 8274208709
Marca Insertada para la cuenta: 5860473371
Marca Insertada para la cuenta: 9219549352
Marca Insertada para la cuenta: 0300720997
Marca Insertada para la cuenta: 0464544914
Marca Insertada para la cuenta: 6342819412
Marca Insertada para la cuenta: 5281202993
Marca Insertada para la cuenta: 7660767357
Marca Insertada para la cuenta: 7023287077
Marca Insertada para la cuenta: 7107630949
Marca Insertada para la cuenta: 8269054988
Marca Insertada para la cuenta: 8417028117
Marca Insertada para la cuenta: 0212232936
Marca Insertada para la cuenta: 3034907225
Marca Insertada para la cuenta: 4483135003
Marca Insertada para la cuenta: 1097512179
Marca Insertada para la cuenta: 2621037366
Marca Insertada para la cuenta: 1855438041
Marca Insertada para la cuenta: 3315823289
Marca Insertada para la cuenta: 3033349991
Marca Insertada para la cuenta: 5976141925
Marca Insertada para la cuenta: 1039341842
Marca Insertada para la cuenta: 7992684077
Marca Insertada para la cuenta: 6110036886
Marca Insertada para la cuenta: 2363439340
Marca Insertada para la cuenta: 0137000000
Marca Insertada para la cuenta: 5723434568
Marca Insertada para la cuenta: 4587102563
Marca Insertada para la cuenta: 5950927451
Marca Insertada para la cuenta: 0314046063
Marca Insertada para la cuenta: 3720795058
Marca Insertada para la cuenta: 4907876243
Marca Insertada para la cuenta: 5754757330
Marca Insertada para la cuenta: 3825242318
Marca Insertada para la cuenta: 8433103498
Marca Insertada para la cuenta: 4709830004
Marca Insertada para la cuenta: 7919734579
Marca Insertada para la cuenta: 8116433417
Marca Insertada para la cuenta: 9690366957
Marca Insertada para la cuenta: 3986611141
Marca Insertada para la cuenta: 2621865513
Marca Insertada para la cuenta: 6912883789
Marca Insertada para la cuenta: 5017700774
Marca Insertada para la cuenta: 7571004690
Marca Insertada para la cuenta: 0939372936
Marca Insertada para la cuenta: 9727031973
Marca Insertada para la cuenta: 1416965727
Marca Insertada para la cuenta: 9639243821
Marca Insertada para la cuenta: 2665361476
Marca Insertada para la cuenta: 6634220883
Marca Insertada para la cuenta: 0085534472
Marca Insertada para la cuenta: 5449156879
Marca Insertada para la cuenta: 6533218812
Marca Insertada para la cuenta: 6911937076
Marca Insertada para la cuenta: 2346168960
Marca Insertada para la cuenta: 6671102314
Marca Insertada para la cuenta: 6487701948
Marca Insertada para la cuenta: 7464262307
Marca Insertada para la cuenta: 0955572031
Marca Insertada para la cuenta: 4437000000
Marca Insertada para la cuenta: 9488318938
Marca Insertada para la cuenta: 2697893475
Marca Insertada para la cuenta: 2573810871
Marca Insertada para la cuenta: 2540436452
Marca Insertada para la cuenta: 2213790127
Marca Insertada para la cuenta: 7339524307
Marca Insertada para la cuenta: 3378586775
Marca Insertada para la cuenta: 5500324788
Marca Insertada para la cuenta: 9827807605
Marca Insertada para la cuenta: 3356328779
Marca Insertada para la cuenta: 2825981745
Marca Insertada para la cuenta: 3677485070
Marca Insertada para la cuenta: 0303540957
Marca Insertada para la cuenta: 1366166585
Marca Insertada para la cuenta: 7577184086
Marca Insertada para la cuenta: 4139512334
Marca Insertada para la cuenta: 8884225679
Marca Insertada para la cuenta: 6264108968
Marca Insertada para la cuenta: 6747447643
Marca Insertada para la cuenta: 7117470454
Marca Insertada para la cuenta: 9118780369
Marca Insertada para la cuenta: 0288222327
Marca Insertada para la cuenta: 7788948706
Marca Insertada para la cuenta: 1127530317
Marca Insertada para la cuenta: 2796343131
Marca Insertada para la cuenta: 9099543378
Marca Insertada para la cuenta: 6485913070
Marca Insertada para la cuenta: 6765874241
Marca Insertada para la cuenta: 5243560598
Marca Insertada para la cuenta: 0232759271
Marca Insertada para la cuenta: 5121883969
Marca Insertada para la cuenta: 4510287032
Marca Insertada para la cuenta: 0802088073
Marca Insertada para la cuenta: 5850000000
Marca Insertada para la cuenta: 2272047263
Marca Insertada para la cuenta: 3584506990
Marca Insertada para la cuenta: 3992536691
Marca Insertada para la cuenta: 4004018611
Marca Insertada para la cuenta: 5313261345
Marca Insertada para la cuenta: 3460685491
Marca Insertada para la cuenta: 3332713982
Marca Insertada para la cuenta: 8909985962
Marca Insertada para la cuenta: 2154550757
Marca Insertada para la cuenta: 6533145311
Marca Insertada para la cuenta: 0689375786
Marca Insertada para la cuenta: 7512671005
Marca Insertada para la cuenta: 3120247778
Marca Insertada para la cuenta: 9022761639
Marca Insertada para la cuenta: 3437160066
Marca Insertada para la cuenta: 6088789448
Marca Insertada para la cuenta: 8128672864
Marca Insertada para la cuenta: 0122099053
Marca Insertada para la cuenta: 2411171775
Marca Insertada para la cuenta: 6328382671
Marca Insertada para la cuenta: 5224136575
Marca Insertada para la cuenta: 2788648514
Marca Insertada para la cuenta: 4132024999
Marca Insertada para la cuenta: 8985618325
Marca Insertada para la cuenta: 9307729000
Marca Insertada para la cuenta: 2392985857
Marca Insertada para la cuenta: 3051106996
Marca Insertada para la cuenta: 6013032165
Marca Insertada para la cuenta: 6724874385
Marca Insertada para la cuenta: 8177626245
Marca Insertada para la cuenta: 2993111758
Marca Insertada para la cuenta: 8307392030
Marca Insertada para la cuenta: 0264257661
Marca Insertada para la cuenta: 5786027951
Marca Insertada para la cuenta: 8646525139
Marca Insertada para la cuenta: 6489716298
Marca Insertada para la cuenta: 1630249367
Marca Insertada para la cuenta: 1288168349
Marca Insertada para la cuenta: 3789816115
Marca Insertada para la cuenta: 9806497841
Marca Insertada para la cuenta: 5198288087
Marca Insertada para la cuenta: 4095665724
Marca Insertada para la cuenta: 3836879287
Marca Insertada para la cuenta: 0670000000
Marca Insertada para la cuenta: 2755251522
Marca Insertada para la cuenta: 2253027582
Marca Insertada para la cuenta: 7448808944
Marca Insertada para la cuenta: 6708691581
Marca Insertada para la cuenta: 0831906744
Marca Insertada para la cuenta: 4828492840
Marca Insertada para la cuenta: 3852510259
Marca Insertada para la cuenta: 1466091869
Marca Insertada para la cuenta: 6742931378
Marca Insertada para la cuenta: 5702904932
Marca Insertada para la cuenta: 7886617370
Marca Insertada para la cuenta: 1606694945
Marca Insertada para la cuenta: 5861718932
Marca Insertada para la cuenta: 9711656939
Marca Insertada para la cuenta: 3883479936
Marca Insertada para la cuenta: 8820921732
Marca Insertada para la cuenta: 3923882849
Marca Insertada para la cuenta: 1688142043


    * 19/10/22 16:34:27 - Fin Ejecucion proceso ............... 

