

   ______________________________________________________________________________________________________________

                     EJECUCION DE PROCESO - DATE: 20/10/22 11:03:03 - DATABASE: GISPR02
                                               SCRIPT EJECUTADO: /stage/gis/imple/procesos/TMT/trans/TPR/batch/Temp_InsertaNotaFaltante.ksh

   ______________________________________________________________________________________________________________

    * 20/10/22 11:03:03 - Iniciando ejecucion ............... 



    * 20/10/22 11:03:04 - Detalle Ejecucion proceso ............... 

Se insertara nota en: 8385933885
Se insertara nota en: 8986000706
Se insertara nota en: 4130372897
Se insertara nota en: 8771769955
Se insertara nota en: 0328328111
Se insertara nota en: 0532649991
Se insertara nota en: 9711159455
Se insertara nota en: 0040454465
Se insertara nota en: 2277257443
Se insertara nota en: 1910231184
Se insertara nota en: 2909879618
Se insertara nota en: 1629973593
Se insertara nota en: 1323367897
Se insertara nota en: 3143944386
Se insertara nota en: 9632140845
Se insertara nota en: 3791004673
Se insertara nota en: 5359548268
Se insertara nota en: 8031505749
Se insertara nota en: 5808813425
Se insertara nota en: 5557513023
Se insertara nota en: 3650191176
Se insertara nota en: 6970002210
Se insertara nota en: 4072553289
Se insertara nota en: 8253535974
Se insertara nota en: 2882778497
Se insertara nota en: 0530180146
Se insertara nota en: 9376005295
Se insertara nota en: 1708809290
Se insertara nota en: 6014258030
Se insertara nota en: 1473628142
Se insertara nota en: 4475874460
Se insertara nota en: 5263880825
Se insertara nota en: 5602580809
Se insertara nota en: 9910509315
Se insertara nota en: 5224716594
Se insertara nota en: 1977175683
Se insertara nota en: 0237807829
Se insertara nota en: 0745615560
Se insertara nota en: 9263705305
Se insertara nota en: 9709057043
Se insertara nota en: 2404384185
Se insertara nota en: 4455802596
Se insertara nota en: 4925297542
Se insertara nota en: 4640263695
Se insertara nota en: 7805529088
Se insertara nota en: 0153332866
Se insertara nota en: 0188499112
Se insertara nota en: 0285440268
Se insertara nota en: 4674651056
Se insertara nota en: 0640269909
Se insertara nota en: 9443538427
Se insertara nota en: 7844401245
Se insertara nota en: 1606536594
Se insertara nota en: 7983048264
Se insertara nota en: 8420657165
Se insertara nota en: 8417028117
Se insertara nota en: 1855438041
Se insertara nota en: 5976141925
Se insertara nota en: 5950927451
Se insertara nota en: 3720795058
Se insertara nota en: 5017700774
Se insertara nota en: 0939372936
Se insertara nota en: 0085534472
Se insertara nota en: 5449156879
Se insertara nota en: 6533218812
Se insertara nota en: 2346168960
Se insertara nota en: 6671102314
Se insertara nota en: 6487701948
Se insertara nota en: 2825981745
Se insertara nota en: 4139512334
Se insertara nota en: 7117470454
Se insertara nota en: 7788948706
Se insertara nota en: 9099543378
Se insertara nota en: 6765874241
Se insertara nota en: 0232759271
Se insertara nota en: 4510287032
Se insertara nota en: 3992536691
Se insertara nota en: 2788648514
Se insertara nota en: 8985618325
Se insertara nota en: 6724874385
Se insertara nota en: 1288168349
Se insertara nota en: 3836879287
Se insertara nota en: 2253027582
Se insertara nota en: 1466091869
Se insertara nota en: 5861718932
Se insertara nota en: 8119930909
Se insertara nota en: 8610929243
Se insertara nota en: 5640535281
Se insertara nota en: 9590894799
Se insertara nota en: 2958232643
Se insertara nota en: 8172043492
Se insertara nota en: 9724377448
Se insertara nota en: 6846026291
Se insertara nota en: 8732567223
Se insertara nota en: 4685425082
Se insertara nota en: 7111025081
Se insertara nota en: 3347203066
Se insertara nota en: 5688279197
Se insertara nota en: 4528593498
Se insertara nota en: 6282719577
Se insertara nota en: 5820056328
Se insertara nota en: 5905727170
Se insertara nota en: 2493524176
Se insertara nota en: 9614949293
Se insertara nota en: 7324781167
Se insertara nota en: 7900804674
Se insertara nota en: 4733960330
Se insertara nota en: 1394193944
Se insertara nota en: 6178917717
Se insertara nota en: 3897560911
Se insertara nota en: 6499762590
Se insertara nota en: 9248258415
Se insertara nota en: 2715082949
Se insertara nota en: 3313224941
Se insertara nota en: 3355371057
Se insertara nota en: 2523438933
Se insertara nota en: 7803666657
Se insertara nota en: 6091937899
Se insertara nota en: 2476756094
Se insertara nota en: 4834252056
Se insertara nota en: 3522771730
Se insertara nota en: 1984777929
Se insertara nota en: 8783117993
Se insertara nota en: 7507891176
Se insertara nota en: 4723715451
Se insertara nota en: 4120542506
Se insertara nota en: 2408202882
Se insertara nota en: 7107630949
Se insertara nota en: 0137000000
Se insertara nota en: 4907876243
Se insertara nota en: 6634220883
Se insertara nota en: 2213790127
Se insertara nota en: 7339524307
Se insertara nota en: 6264108968
Se insertara nota en: 9118780369
Se insertara nota en: 0288222327
Se insertara nota en: 0689375786
Se insertara nota en: 3120247778
Se insertara nota en: 6088789448
Se insertara nota en: 8128672864
Se insertara nota en: 6328382671
Se insertara nota en: 8307392030
Se insertara nota en: 5786027951
Se insertara nota en: 4095665724
Se insertara nota en: 1962996458
Se insertara nota en: 9232414313
Se insertara nota en: 9814027097
Se insertara nota en: 0161933392
Se insertara nota en: 5658899764
Se insertara nota en: 3076112012
Se insertara nota en: 4021032364
Se insertara nota en: 9351960171
Se insertara nota en: 8130570038
Se insertara nota en: 0434738401
Se insertara nota en: 4351734787
Se insertara nota en: 4368146751
Se insertara nota en: 3387949246
Se insertara nota en: 5861571052
Se insertara nota en: 4496462110
Se insertara nota en: 7552903750
Se insertara nota en: 5754179684
Se insertara nota en: 3369009672
Se insertara nota en: 3530734914
Se insertara nota en: 4355263020
Se insertara nota en: 9582060682
Se insertara nota en: 9643296597
Se insertara nota en: 7327255214
Se insertara nota en: 1891863691
Se insertara nota en: 8932283029
Se insertara nota en: 9214435989
Se insertara nota en: 6245164564
Se insertara nota en: 5957922315
Se insertara nota en: 3218861909
Se insertara nota en: 6469797741
Se insertara nota en: 4008270091
Se insertara nota en: 2372630925
Se insertara nota en: 7213420600
Se insertara nota en: 0102919169
Se insertara nota en: 5124024859
Se insertara nota en: 5301288708
Se insertara nota en: 3710410523
Se insertara nota en: 7715715575
Se insertara nota en: 6424324070
Se insertara nota en: 8905971987
Se insertara nota en: 0389891816
Se insertara nota en: 6917970198
Se insertara nota en: 8175536637
Se insertara nota en: 5357390189
Se insertara nota en: 0783077965
Se insertara nota en: 0982535574
Se insertara nota en: 2580139461
Se insertara nota en: 3829650768
Se insertara nota en: 2404112827
Se insertara nota en: 2833604904
Se insertara nota en: 8302783569
Se insertara nota en: 5798198628
Se insertara nota en: 7922296227
Se insertara nota en: 3665556935
Se insertara nota en: 9029200621
Se insertara nota en: 3259393799
Se insertara nota en: 4217310904
Se insertara nota en: 8730164065
Se insertara nota en: 0779980639
Se insertara nota en: 6763656192
Se insertara nota en: 9219549352
Se insertara nota en: 7023287077
Se insertara nota en: 0212232936
Se insertara nota en: 0314046063
Se insertara nota en: 4709830004
Se insertara nota en: 3986611141
Se insertara nota en: 1416965727
Se insertara nota en: 2665361476
Se insertara nota en: 7464262307
Se insertara nota en: 2697893475
Se insertara nota en: 2573810871
Se insertara nota en: 3378586775
Se insertara nota en: 9827807605
Se insertara nota en: 1366166585
Se insertara nota en: 3584506990
Se insertara nota en: 3332713982
Se insertara nota en: 6533145311
Se insertara nota en: 9022761639
Se insertara nota en: 0122099053
Se insertara nota en: 5224136575
Se insertara nota en: 9307729000
Se insertara nota en: 2392985857
Se insertara nota en: 0831906744
Se insertara nota en: 5702904932
Se insertara nota en: 3883479936
Se insertara nota en: 4489285529
Se insertara nota en: 4775101348
Se insertara nota en: 0443592403
Se insertara nota en: 0446761264
Se insertara nota en: 4486257808
Se insertara nota en: 3481615472
Se insertara nota en: 7776258211
Se insertara nota en: 3770026894
Se insertara nota en: 2839572101
Se insertara nota en: 6750792569
Se insertara nota en: 5933137621
Se insertara nota en: 8387873605
Se insertara nota en: 2739454148
Se insertara nota en: 6876647596
Se insertara nota en: 4867465284
Se insertara nota en: 1651378193
Se insertara nota en: 2743631821
Se insertara nota en: 1963186445
Se insertara nota en: 8691134092
Se insertara nota en: 5060249475
Se insertara nota en: 0156829494
Se insertara nota en: 8832006706
Se insertara nota en: 3916137687
Se insertara nota en: 1006669007
Se insertara nota en: 5678334085
Se insertara nota en: 1654230807
Se insertara nota en: 0161780179
Se insertara nota en: 2063088188
Se insertara nota en: 8738325220
Se insertara nota en: 0441904884
Se insertara nota en: 6577635887
Se insertara nota en: 3416561490
Se insertara nota en: 2419089429
Se insertara nota en: 0200351109
Se insertara nota en: 6450919564
Se insertara nota en: 9349098750
Se insertara nota en: 6371788987
Se insertara nota en: 0943711662
Se insertara nota en: 9160411917
Se insertara nota en: 3138406709
Se insertara nota en: 1128594551
Se insertara nota en: 5681281728
Se insertara nota en: 0280424100
Se insertara nota en: 6120051660
Se insertara nota en: 2122216157
Se insertara nota en: 9146738007
Se insertara nota en: 6652374064
Se insertara nota en: 7660767357
Se insertara nota en: 7992684077
Se insertara nota en: 6110036886
Se insertara nota en: 5723434568
Se insertara nota en: 4587102563
Se insertara nota en: 7919734579
Se insertara nota en: 3356328779
Se insertara nota en: 7577184086
Se insertara nota en: 2154550757
Se insertara nota en: 3051106996
Se insertara nota en: 6742931378
Se insertara nota en: 8820921732
Se insertara nota en: 1653186926
Se insertara nota en: 0963058008
Se insertara nota en: 1607421956
Se insertara nota en: 7223585300
Se insertara nota en: 8297851378
Se insertara nota en: 6198281795
Se insertara nota en: 3915124290
Se insertara nota en: 5915736977
Se insertara nota en: 4857975069
Se insertara nota en: 3046856034
Se insertara nota en: 6967131923
Se insertara nota en: 6806708671
Se insertara nota en: 2166978860
Se insertara nota en: 4505857664
Se insertara nota en: 1334273861
Se insertara nota en: 8621714290
Se insertara nota en: 8685917826
Se insertara nota en: 5908912614
Se insertara nota en: 2578250652
Se insertara nota en: 3018267340
Se insertara nota en: 3318612845
Se insertara nota en: 0023057376
Se insertara nota en: 2884162563
Se insertara nota en: 7076179340
Se insertara nota en: 1946702627
Se insertara nota en: 6123234999
Se insertara nota en: 7567991465
Se insertara nota en: 2950341325
Se insertara nota en: 8377618477
Se insertara nota en: 2436773089
Se insertara nota en: 6164990197
Se insertara nota en: 0965715972
Se insertara nota en: 6369030678
Se insertara nota en: 7324238938
Se insertara nota en: 0325837542
Se insertara nota en: 0942937157
Se insertara nota en: 5278969758
Se insertara nota en: 6157862203
Se insertara nota en: 5455652334
Se insertara nota en: 0386191140
Se insertara nota en: 0977380326
Se insertara nota en: 9238284739
Se insertara nota en: 2744111147
Se insertara nota en: 7985512665
Se insertara nota en: 1764042756
Se insertara nota en: 2174107973
Se insertara nota en: 7585177889
Se insertara nota en: 6657252727
Se insertara nota en: 2451544281
Se insertara nota en: 3165883676
Se insertara nota en: 4219114640
Se insertara nota en: 5153098859
Se insertara nota en: 0481191658
Se insertara nota en: 5281202993
Se insertara nota en: 3315823289
Se insertara nota en: 8116433417
Se insertara nota en: 6912883789
Se insertara nota en: 0955572031
Se insertara nota en: 5500324788
Se insertara nota en: 0802088073
Se insertara nota en: 2272047263
Se insertara nota en: 4004018611
Se insertara nota en: 5313261345
Se insertara nota en: 4132024999
Se insertara nota en: 6013032165
Se insertara nota en: 5198288087
Se insertara nota en: 7448808944
Se insertara nota en: 4828492840
Se insertara nota en: 7886617370
Se insertara nota en: 0666225257
Se insertara nota en: 2214255069
Se insertara nota en: 8552382791
Se insertara nota en: 8474449822
Se insertara nota en: 0035134182
Se insertara nota en: 9525001930
Se insertara nota en: 0668154970
Se insertara nota en: 5108850834
Se insertara nota en: 1205291373
Se insertara nota en: 8335949102
Se insertara nota en: 7778907856
Se insertara nota en: 0578035601
Se insertara nota en: 3005079117
Se insertara nota en: 3775594116
Se insertara nota en: 2556857662
Se insertara nota en: 0829933636
Se insertara nota en: 1631714933
Se insertara nota en: 2894129569
Se insertara nota en: 9334848960
Se insertara nota en: 8653996749
Se insertara nota en: 1209817493
Se insertara nota en: 0046408586
Se insertara nota en: 8340057065
Se insertara nota en: 9022310601
Se insertara nota en: 4898341736
Se insertara nota en: 8747833904
Se insertara nota en: 9904124928
Se insertara nota en: 7316955900
Se insertara nota en: 7756160250
Se insertara nota en: 1605869879
Se insertara nota en: 4980085122
Se insertara nota en: 5314384463
Se insertara nota en: 7919356423
Se insertara nota en: 0005554691
Se insertara nota en: 9171061400
Se insertara nota en: 0512741818
Se insertara nota en: 4506694037
Se insertara nota en: 5240279748
Se insertara nota en: 6344415003
Se insertara nota en: 1473504810
Se insertara nota en: 8014064080
Se insertara nota en: 7468953239
Se insertara nota en: 0245563902
Se insertara nota en: 8274208709
Se insertara nota en: 0300720997
Se insertara nota en: 0464544914
Se insertara nota en: 2621037366
Se insertara nota en: 8433103498
Se insertara nota en: 9727031973
Se insertara nota en: 2540436452
Se insertara nota en: 3677485070
Se insertara nota en: 0303540957
Se insertara nota en: 6747447643
Se insertara nota en: 2796343131
Se insertara nota en: 5243560598
Se insertara nota en: 7512671005
Se insertara nota en: 0264257661
Se insertara nota en: 1630249367
Se insertara nota en: 1606694945
Se insertara nota en: 3923882849
Se insertara nota en: 5891950022
Se insertara nota en: 6137963361
Se insertara nota en: 7713987992
Se insertara nota en: 2807185272
Se insertara nota en: 3327092206
Se insertara nota en: 7164678607
Se insertara nota en: 8231168162
Se insertara nota en: 9205612912
Se insertara nota en: 8951178438
Se insertara nota en: 2167642439
Se insertara nota en: 5953095549
Se insertara nota en: 1362391627
Se insertara nota en: 1407662604
Se insertara nota en: 2468948707
Se insertara nota en: 4107193141
Se insertara nota en: 1866995666
Se insertara nota en: 6477377099
Se insertara nota en: 2839836818
Se insertara nota en: 4419738942
Se insertara nota en: 8374726719
Se insertara nota en: 1790617494
Se insertara nota en: 9841173938
Se insertara nota en: 5922395124
Se insertara nota en: 0743658300
Se insertara nota en: 9717458273
Se insertara nota en: 8042704719
Se insertara nota en: 1492670597
Se insertara nota en: 0035878039
Se insertara nota en: 6283075508
Se insertara nota en: 9040356595
Se insertara nota en: 9929597878
Se insertara nota en: 8140337677
Se insertara nota en: 0838193792
Se insertara nota en: 8809451995
Se insertara nota en: 2010774074
Se insertara nota en: 8773955881
Se insertara nota en: 6837481832
Se insertara nota en: 4561822502
Se insertara nota en: 3257344189
Se insertara nota en: 9094372976
Se insertara nota en: 5484076891
Se insertara nota en: 1738869835
Se insertara nota en: 4292989760
Se insertara nota en: 3370522865
Se insertara nota en: 5082379244
Se insertara nota en: 5955357692
Se insertara nota en: 6342819412
Se insertara nota en: 8269054988
Se insertara nota en: 5754757330
Se insertara nota en: 9690366957
Se insertara nota en: 9639243821
Se insertara nota en: 6911937076
Se insertara nota en: 4437000000
Se insertara nota en: 9488318938
Se insertara nota en: 8884225679
Se insertara nota en: 1127530317
Se insertara nota en: 6485913070
Se insertara nota en: 5121883969
Se insertara nota en: 5850000000
Se insertara nota en: 8909985962
Se insertara nota en: 2411171775
Se insertara nota en: 3789816115
Se insertara nota en: 2755251522
Se insertara nota en: 6708691581
Se insertara nota en: 1688142043
Se insertara nota en: 7723708915
Se insertara nota en: 6921161367
Se insertara nota en: 1936884851
Se insertara nota en: 3039609633
Se insertara nota en: 8617307471
Se insertara nota en: 1096975502
Se insertara nota en: 1471381350
Se insertara nota en: 2710362291
Se insertara nota en: 4775185459
Se insertara nota en: 5736704740
Se insertara nota en: 1365534221
Se insertara nota en: 1363151124
Se insertara nota en: 9025798475
Se insertara nota en: 6107506873
Se insertara nota en: 9335388387
Se insertara nota en: 0118964553
Se insertara nota en: 2960985445
Se insertara nota en: 3159016757
Se insertara nota en: 4636752900
Se insertara nota en: 8152553557
Se insertara nota en: 4109418281
Se insertara nota en: 0467330969
Se insertara nota en: 1356877870
Se insertara nota en: 6725062348
Se insertara nota en: 1655343528
Se insertara nota en: 1749366816
Se insertara nota en: 8340580684
Se insertara nota en: 9963257640
Se insertara nota en: 7528695892
Se insertara nota en: 0205880091
Se insertara nota en: 5560423226
Se insertara nota en: 1893813459
Se insertara nota en: 5237607224
Se insertara nota en: 4289336967
Se insertara nota en: 9969492274
Se insertara nota en: 3427935629
Se insertara nota en: 3412214485
Se insertara nota en: 2019465714
Se insertara nota en: 8653415522
Se insertara nota en: 3733277951
Se insertara nota en: 9559674013
Se insertara nota en: 1628753460
Se insertara nota en: 0988838107
Se insertara nota en: 7252677463
Se insertara nota en: 4978342850
Se insertara nota en: 3642425741
Se insertara nota en: 4973576715
Se insertara nota en: 8861486014
Se insertara nota en: 8075972785
Se insertara nota en: 3446760935
Se insertara nota en: 4947526893
Se insertara nota en: 5870274728
Se insertara nota en: 5424006357
Se insertara nota en: 5278621483
Se insertara nota en: 6930405853
Se insertara nota en: 1011222531
Se insertara nota en: 7049527524
Se insertara nota en: 5860473371
Se insertara nota en: 3034907225
Se insertara nota en: 4483135003
Se insertara nota en: 1097512179
Se insertara nota en: 3033349991
Se insertara nota en: 1039341842
Se insertara nota en: 2363439340
Se insertara nota en: 3825242318
Se insertara nota en: 2621865513
Se insertara nota en: 7571004690
Se insertara nota en: 3460685491
Se insertara nota en: 3437160066
Se insertara nota en: 8177626245
Se insertara nota en: 2993111758
Se insertara nota en: 8646525139
Se insertara nota en: 6489716298
Se insertara nota en: 9806497841
Se insertara nota en: 0670000000
Se insertara nota en: 3852510259
Se insertara nota en: 9711656939


    * 20/10/22 11:03:04 - Fin Ejecucion proceso ............... 

