

   ______________________________________________________________________________________________________________

                     EJECUCION DE PROCESO - DATE: 09/08/22 11:14:20 - DATABASE: GISPR02
                                               SCRIPT EJECUTADO: /stage/gis/imple/procesos/TMT/trans/TPR/batch/SOT-8414_2_ExFaeONueoConMarca.ksh

   ______________________________________________________________________________________________________________

    * 09/08/22 11:14:20 - Iniciando ejecucion ............... 



    * 09/08/22 11:14:21 - Detalle Ejecucion proceso ............... 

CLIENTES EX FAE O SIN FAE ACTIVA, CON MARCA POSEE FAE
------------------------------------------------------------------------------------------------------------------------
-----------
GELEC.ED_LOG >>>418259,Modifica marca: 7 | Submarca: 18 | en cuenta nro: 8875290423,09/08/22,Aplicación
GELEC.ED_MARCA_CLIENTE >>>5998,8875290423,7,18,186564,0
GELEC.ED_MARCA_CLIENTE >>>5998,8875290423,7,18,186564,418259
------------------------------------------------------------------------------------------------------------------------
-----------
GELEC.ED_LOG >>>418260,Modifica marca: 7 | Submarca: 18 | en cuenta nro: 9686194750,09/08/22,Aplicación
GELEC.ED_MARCA_CLIENTE >>>6053,9686194750,7,18,196359,0
GELEC.ED_MARCA_CLIENTE >>>6053,9686194750,7,18,196359,418260
------------------------------------------------------------------------------------------------------------------------
-----------
GELEC.ED_LOG >>>418261,Modifica marca: 7 | Submarca: 18 | en cuenta nro: 1502082640,09/08/22,Aplicación
GELEC.ED_MARCA_CLIENTE >>>6089,1502082640,7,18,203022,0
GELEC.ED_MARCA_CLIENTE >>>6089,1502082640,7,18,203022,418261
------------------------------------------------------------------------------------------------------------------------
-----------
GELEC.ED_LOG >>>418262,Modifica marca: 7 | Submarca: 18 | en cuenta nro: 8776425090,09/08/22,Aplicación
GELEC.ED_MARCA_CLIENTE >>>6099,8776425090,7,18,203037,0
GELEC.ED_MARCA_CLIENTE >>>6099,8776425090,7,18,203037,418262
------------------------------------------------------------------------------------------------------------------------
-----------
GELEC.ED_LOG >>>418263,Modifica marca: 7 | Submarca: 18 | en cuenta nro: 3893604838,09/08/22,Aplicación
GELEC.ED_MARCA_CLIENTE >>>1659,3893604838,7,18,1,0
GELEC.ED_MARCA_CLIENTE >>>1659,3893604838,7,18,1,418263
------------------------------------------------------------------------------------------------------------------------
-----------
GELEC.ED_LOG >>>418264,Modifica marca: 7 | Submarca: 18 | en cuenta nro: 3360992103,09/08/22,Aplicación
GELEC.ED_MARCA_CLIENTE >>>6054,3360992103,7,18,196364,0
GELEC.ED_MARCA_CLIENTE >>>6054,3360992103,7,18,196364,418264
------------------------------------------------------------------------------------------------------------------------
-----------
GELEC.ED_LOG >>>418265,Modifica marca: 7 | Submarca: 18 | en cuenta nro: 3647852508,09/08/22,Aplicación
GELEC.ED_MARCA_CLIENTE >>>6191,3647852508,7,18,210695,0
GELEC.ED_MARCA_CLIENTE >>>6191,3647852508,7,18,210695,418265
------------------------------------------------------------------------------------------------------------------------
-----------
GELEC.ED_LOG >>>418266,Modifica marca: 7 | Submarca: 18 | en cuenta nro: 5760896996,09/08/22,Aplicación
GELEC.ED_MARCA_CLIENTE >>>6019,5760896996,7,18,190366,0
GELEC.ED_MARCA_CLIENTE >>>6019,5760896996,7,18,190366,418266
------------------------------------------------------------------------------------------------------------------------
-----------
GELEC.ED_LOG >>>418267,Modifica marca: 7 | Submarca: 18 | en cuenta nro: 7339524307,09/08/22,Aplicación
GELEC.ED_MARCA_CLIENTE >>>6082,7339524307,7,18,203012,0
GELEC.ED_MARCA_CLIENTE >>>6082,7339524307,7,18,203012,418267
------------------------------------------------------------------------------------------------------------------------
-----------
GELEC.ED_LOG >>>418268,Modifica marca: 7 | Submarca: 18 | en cuenta nro: 6851537738,09/08/22,Aplicación
GELEC.ED_MARCA_CLIENTE >>>1667,6851537738,7,18,1,0
GELEC.ED_MARCA_CLIENTE >>>3613,6851537738,7,18,1,0
GELEC.ED_MARCA_CLIENTE >>>1667,6851537738,7,18,1,0
GELEC.ED_MARCA_CLIENTE >>>3613,6851537738,7,18,1,418268
------------------------------------------------------------------------------------------------------------------------
-----------
GELEC.ED_LOG >>>418269,Modifica marca: 7 | Submarca: 18 | en cuenta nro: 5531922269,09/08/22,Aplicación
GELEC.ED_MARCA_CLIENTE >>>6189,5531922269,7,18,210681,0
GELEC.ED_MARCA_CLIENTE >>>6189,5531922269,7,18,210681,418269
------------------------------------------------------------------------------------------------------------------------
-----------
GELEC.ED_LOG >>>418270,Modifica marca: 7 | Submarca: 18 | en cuenta nro: 3168112662,09/08/22,Aplicación
GELEC.ED_MARCA_CLIENTE >>>1658,3168112662,7,18,1,0
GELEC.ED_MARCA_CLIENTE >>>3595,3168112662,7,18,1,308361
GELEC.ED_MARCA_CLIENTE >>>1658,3168112662,7,18,1,0
GELEC.ED_MARCA_CLIENTE >>>3595,3168112662,7,18,1,308361
------------------------------------------------------------------------------------------------------------------------
-----------
GELEC.ED_LOG >>>418271,Modifica marca: 7 | Submarca: 18 | en cuenta nro: 2808463758,09/08/22,Aplicación
GELEC.ED_MARCA_CLIENTE >>>6042,2808463758,7,18,195601,0
GELEC.ED_MARCA_CLIENTE >>>6042,2808463758,7,18,195601,418271
------------------------------------------------------------------------------------------------------------------------
-----------
GELEC.ED_LOG >>>418272,Modifica marca: 7 | Submarca: 18 | en cuenta nro: 8872033509,09/08/22,Aplicación
GELEC.ED_MARCA_CLIENTE >>>6283,8872033509,7,18,242334,0
GELEC.ED_MARCA_CLIENTE >>>6283,8872033509,7,18,242334,418272
------------------------------------------------------------------------------------------------------------------------
-----------
GELEC.ED_LOG >>>418273,Modifica marca: 7 | Submarca: 18 | en cuenta nro: 3287864687,09/08/22,Aplicación
GELEC.ED_MARCA_CLIENTE >>>6490,3287864687,7,18,296012,0
GELEC.ED_MARCA_CLIENTE >>>6490,3287864687,7,18,296012,418273
------------------------------------------------------------------------------------------------------------------------
-----------
GELEC.ED_LOG >>>418274,Modifica marca: 7 | Submarca: 18 | en cuenta nro: 2304286140,09/08/22,Aplicación
GELEC.ED_MARCA_CLIENTE >>>6236,2304286140,7,18,223813,0
GELEC.ED_MARCA_CLIENTE >>>6236,2304286140,7,18,223813,418274
------------------------------------------------------------------------------------------------------------------------
-----------
GELEC.ED_LOG >>>418275,Modifica marca: 7 | Submarca: 18 | en cuenta nro: 2978161510,09/08/22,Aplicación
GELEC.ED_MARCA_CLIENTE >>>6047,2978161510,7,18,196272,0
GELEC.ED_MARCA_CLIENTE >>>6047,2978161510,7,18,196272,418275
------------------------------------------------------------------------------------------------------------------------
-----------
GELEC.ED_LOG >>>418276,Modifica marca: 7 | Submarca: 18 | en cuenta nro: 8140000000,09/08/22,Aplicación
GELEC.ED_MARCA_CLIENTE >>>6097,8140000000,7,18,203033,0
GELEC.ED_MARCA_CLIENTE >>>6097,8140000000,7,18,203033,418276
------------------------------------------------------------------------------------------------------------------------
-----------
GELEC.ED_LOG >>>418277,Modifica marca: 7 | Submarca: 18 | en cuenta nro: 8210081952,09/08/22,Aplicación
GELEC.ED_MARCA_CLIENTE >>>6250,8210081952,7,18,229568,0
GELEC.ED_MARCA_CLIENTE >>>6250,8210081952,7,18,229568,418277
------------------------------------------------------------------------------------------------------------------------
-----------
GELEC.ED_LOG >>>418278,Modifica marca: 7 | Submarca: 18 | en cuenta nro: 9881907245,09/08/22,Aplicación
GELEC.ED_MARCA_CLIENTE >>>6091,9881907245,7,18,203025,0
GELEC.ED_MARCA_CLIENTE >>>6091,9881907245,7,18,203025,418278
------------------------------------------------------------------------------------------------------------------------
-----------
GELEC.ED_LOG >>>418279,Modifica marca: 7 | Submarca: 18 | en cuenta nro: 3616855611,09/08/22,Aplicación
GELEC.ED_MARCA_CLIENTE >>>6088,3616855611,7,18,203021,0
GELEC.ED_MARCA_CLIENTE >>>6088,3616855611,7,18,203021,418279
------------------------------------------------------------------------------------------------------------------------
-----------
GELEC.ED_LOG >>>418280,Modifica marca: 7 | Submarca: 18 | en cuenta nro: 0303540957,09/08/22,Aplicación
GELEC.ED_MARCA_CLIENTE >>>6051,303540957,7,18,196352,0
GELEC.ED_MARCA_CLIENTE >>>6051,303540957,7,18,196352,418280
------------------------------------------------------------------------------------------------------------------------
-----------
GELEC.ED_LOG >>>418281,Modifica marca: 7 | Submarca: 18 | en cuenta nro: 9855481273,09/08/22,Aplicación
GELEC.ED_MARCA_CLIENTE >>>6281,9855481273,7,18,241053,0
GELEC.ED_MARCA_CLIENTE >>>6281,9855481273,7,18,241053,418281
------------------------------------------------------------------------------------------------------------------------
-----------
GELEC.ED_LOG >>>418282,Modifica marca: 7 | Submarca: 18 | en cuenta nro: 4797023422,09/08/22,Aplicación
GELEC.ED_MARCA_CLIENTE >>>6056,4797023422,7,18,196388,0
GELEC.ED_MARCA_CLIENTE >>>6056,4797023422,7,18,196388,418282
------------------------------------------------------------------------------------------------------------------------
-----------
GELEC.ED_LOG >>>418283,Modifica marca: 7 | Submarca: 18 | en cuenta nro: 2075744238,09/08/22,Aplicación
GELEC.ED_MARCA_CLIENTE >>>6445,2075744238,7,18,283211,0
GELEC.ED_MARCA_CLIENTE >>>6445,2075744238,7,18,283211,418283
------------------------------------------------------------------------------------------------------------------------
-----------
GELEC.ED_LOG >>>418284,Modifica marca: 7 | Submarca: 18 | en cuenta nro: 5080401689,09/08/22,Aplicación
GELEC.ED_MARCA_CLIENTE >>>1661,5080401689,7,18,1,0
GELEC.ED_MARCA_CLIENTE >>>3605,5080401689,7,18,1,0
GELEC.ED_MARCA_CLIENTE >>>1661,5080401689,7,18,1,0
GELEC.ED_MARCA_CLIENTE >>>3605,5080401689,7,18,1,418284
------------------------------------------------------------------------------------------------------------------------
-----------
GELEC.ED_LOG >>>418285,Modifica marca: 7 | Submarca: 18 | en cuenta nro: 9860785498,09/08/22,Aplicación
GELEC.ED_MARCA_CLIENTE >>>1678,9860785498,7,18,1,0
GELEC.ED_MARCA_CLIENTE >>>3625,9860785498,7,18,1,301399
GELEC.ED_MARCA_CLIENTE >>>1678,9860785498,7,18,1,0
GELEC.ED_MARCA_CLIENTE >>>3625,9860785498,7,18,1,301399
------------------------------------------------------------------------------------------------------------------------
-----------
GELEC.ED_LOG >>>418286,Modifica marca: 7 | Submarca: 18 | en cuenta nro: 0169155435,09/08/22,Aplicación
GELEC.ED_MARCA_CLIENTE >>>1650,169155435,7,18,1,0
GELEC.ED_MARCA_CLIENTE >>>3581,169155435,7,18,1,0
GELEC.ED_MARCA_CLIENTE >>>1650,169155435,7,18,1,0
GELEC.ED_MARCA_CLIENTE >>>3581,169155435,7,18,1,418286
------------------------------------------------------------------------------------------------------------------------
-----------
GELEC.ED_LOG >>>418287,Modifica marca: 7 | Submarca: 18 | en cuenta nro: 6064192933,09/08/22,Aplicación
GELEC.ED_MARCA_CLIENTE >>>6623,6064192933,7,18,322072,0
GELEC.ED_MARCA_CLIENTE >>>6623,6064192933,7,18,322072,418287
------------------------------------------------------------------------------------------------------------------------
-----------
GELEC.ED_LOG >>>418288,Modifica marca: 7 | Submarca: 18 | en cuenta nro: 7472872759,09/08/22,Aplicación
GELEC.ED_MARCA_CLIENTE >>>1686,7472872759,7,18,1,0
GELEC.ED_MARCA_CLIENTE >>>3616,7472872759,7,18,1,0
GELEC.ED_MARCA_CLIENTE >>>1686,7472872759,7,18,1,0
GELEC.ED_MARCA_CLIENTE >>>3616,7472872759,7,18,1,418288
------------------------------------------------------------------------------------------------------------------------
-----------
GELEC.ED_LOG >>>418289,Modifica marca: 7 | Submarca: 18 | en cuenta nro: 8340799573,09/08/22,Aplicación
GELEC.ED_MARCA_CLIENTE >>>6048,8340799573,7,18,196277,0
GELEC.ED_MARCA_CLIENTE >>>6048,8340799573,7,18,196277,418289
------------------------------------------------------------------------------------------------------------------------
-----------
GELEC.ED_LOG >>>418290,Modifica marca: 7 | Submarca: 18 | en cuenta nro: 5334533093,09/08/22,Aplicación
GELEC.ED_MARCA_CLIENTE >>>6085,5334533093,7,18,203017,0
GELEC.ED_MARCA_CLIENTE >>>6085,5334533093,7,18,203017,418290
------------------------------------------------------------------------------------------------------------------------
-----------
GELEC.ED_LOG >>>418291,Modifica marca: 7 | Submarca: 18 | en cuenta nro: 6839821558,09/08/22,Aplicación
GELEC.ED_MARCA_CLIENTE >>>1666,6839821558,7,18,1,0
GELEC.ED_MARCA_CLIENTE >>>3612,6839821558,7,18,1,0
GELEC.ED_MARCA_CLIENTE >>>1666,6839821558,7,18,1,0
GELEC.ED_MARCA_CLIENTE >>>3612,6839821558,7,18,1,418291
------------------------------------------------------------------------------------------------------------------------
-----------
GELEC.ED_LOG >>>418292,Modifica marca: 7 | Submarca: 18 | en cuenta nro: 9941520558,09/08/22,Aplicación
GELEC.ED_MARCA_CLIENTE >>>6263,9941520558,7,18,236159,0
GELEC.ED_MARCA_CLIENTE >>>6263,9941520558,7,18,236159,418292
------------------------------------------------------------------------------------------------------------------------
-----------
GELEC.ED_LOG >>>418293,Modifica marca: 7 | Submarca: 18 | en cuenta nro: 2199412100,09/08/22,Aplicación
GELEC.ED_MARCA_CLIENTE >>>6072,2199412100,7,18,202998,0
GELEC.ED_MARCA_CLIENTE >>>6072,2199412100,7,18,202998,418293
------------------------------------------------------------------------------------------------------------------------
-----------
GELEC.ED_LOG >>>418294,Modifica marca: 7 | Submarca: 18 | en cuenta nro: 6352425978,09/08/22,Aplicación
GELEC.ED_MARCA_CLIENTE >>>5988,6352425978,7,18,186021,0
GELEC.ED_MARCA_CLIENTE >>>5988,6352425978,7,18,186021,418294
------------------------------------------------------------------------------------------------------------------------
-----------


    * 09/08/22 11:14:21 - Fin Ejecucion proceso ............... 

