

   ______________________________________________________________________________________________________________

                     EJECUCION DE PROCESO - DATE: 09/08/22 11:11:38 - DATABASE: GISPR02
                                               SCRIPT EJECUTADO: /stage/gis/imple/procesos/TMT/trans/TPR/batch/SOT-8414_1_NuncaFAEConMarca.ksh

   ______________________________________________________________________________________________________________

    * 09/08/22 11:11:38 - Iniciando ejecucion ............... 



    * 09/08/22 11:11:39 - Detalle Ejecucion proceso ............... 

CLIENTES NUNCA FAE CON MARCA POSEE FAE
------------------------------------------------------------------------------------------------------------------------
-----------
GELEC.ED_LOG >>>418248,Modifica marca: 7 | Submarca: 18 | en cuenta nro: 4486753172,09/08/22,rsleiva
GELEC.ED_MARCA_CLIENTE >>>6869,4486753172,7,18,397036,0
GELEC.ED_MARCA_CLIENTE >>>6869,4486753172,7,18,397036,418248
------------------------------------------------------------------------------------------------------------------------
-----------
GELEC.ED_LOG >>>418249,Modifica marca: 7 | Submarca: 18 | en cuenta nro: 3227279392,09/08/22,rsleiva
GELEC.ED_MARCA_CLIENTE >>>6616,3227279392,7,18,321299,0
GELEC.ED_MARCA_CLIENTE >>>6616,3227279392,7,18,321299,418249
------------------------------------------------------------------------------------------------------------------------
-----------
GELEC.ED_LOG >>>418250,Modifica marca: 7 | Submarca: 18 | en cuenta nro: 3378586775,09/08/22,rsleiva
GELEC.ED_MARCA_CLIENTE >>>6055,3378586775,7,18,196378,0
GELEC.ED_MARCA_CLIENTE >>>6055,3378586775,7,18,196378,418250
------------------------------------------------------------------------------------------------------------------------
-----------
GELEC.ED_LOG >>>418251,Modifica marca: 7 | Submarca: 18 | en cuenta nro: 0689375786,09/08/22,rsleiva
GELEC.ED_MARCA_CLIENTE >>>6278,689375786,7,18,240012,0
GELEC.ED_MARCA_CLIENTE >>>6278,689375786,7,18,240012,418251
------------------------------------------------------------------------------------------------------------------------
-----------
GELEC.ED_LOG >>>418252,Modifica marca: 7 | Submarca: 18 | en cuenta nro: 1366166585,09/08/22,rsleiva
GELEC.ED_MARCA_CLIENTE >>>6092,1366166585,7,18,203026,0
GELEC.ED_MARCA_CLIENTE >>>6092,1366166585,7,18,203026,418252
------------------------------------------------------------------------------------------------------------------------
-----------
GELEC.ED_LOG >>>418253,Modifica marca: 7 | Submarca: 18 | en cuenta nro: 8655839590,09/08/22,rsleiva
GELEC.ED_MARCA_CLIENTE >>>6648,8655839590,7,18,328966,0
GELEC.ED_MARCA_CLIENTE >>>6648,8655839590,7,18,328966,418253
------------------------------------------------------------------------------------------------------------------------
-----------


    * 09/08/22 11:11:39 - Fin Ejecucion proceso ............... 

