

   ______________________________________________________________________________________________________________

                     EJECUCION DE PROCESO - DATE: 09/08/22 11:24:00 - DATABASE: GISPR02
                                               SCRIPT EJECUTADO: /stage/gis/imple/procesos/TMT/trans/TPR/batch/SOT-8414_4_ConFaeSinFechaInstalacion.ksh

   ______________________________________________________________________________________________________________

    * 09/08/22 11:24:00 - Iniciando ejecucion ............... 



    * 09/08/22 11:24:00 - Detalle Ejecucion proceso ............... 

CLIENTES CON FAE SIN FECHA DE INSTALACION
------------------------------------------------------------------------------------------------------------------------
-----------
6851537738>>> fecha de fin: 30/10/18
GELEC.ED_FAE_CLIENTE BEF>>> 16,9,6851537738,,08/06/22,6,252092,,23/07/21
FECHA A INSERTAR: 30/10/18
GELEC.ED_FAE_CLIENTE AFT>>> 16,9,6851537738,30/10/18,08/06/22,6,252092,,23/07/21
------------------------------------------------------------------------------------------------------------------------
-----------
9881907245>>> fecha de fin: 12/03/21
GELEC.ED_FAE_CLIENTE BEF>>> 139,92,9881907245,,15/04/22,8,266992,,23/08/21
FECHA A INSERTAR: 12/03/21
GELEC.ED_FAE_CLIENTE AFT>>> 139,92,9881907245,12/03/21,15/04/22,8,266992,,23/08/21
------------------------------------------------------------------------------------------------------------------------
-----------
6765874241>>> fecha de fin: 24/04/21
GELEC.ED_FAE_CLIENTE BEF>>> 173,78,6765874241,,,1,268098,,24/08/21
FECHA A INSERTAR: 24/04/21
GELEC.ED_FAE_CLIENTE AFT>>> 173,78,6765874241,24/04/21,,1,268098,,24/08/21
------------------------------------------------------------------------------------------------------------------------
-----------


    * 09/08/22 11:24:00 - Fin Ejecucion proceso ............... 

