

   ______________________________________________________________________________________________________________

                     EJECUCION DE PROCESO - DATE: 13/08/22 11:37:28 - DATABASE: GISPR02
                                               SCRIPT EJECUTADO: /stage/gis/imple/procesos/TMT/trans/TPR/batch/DLSOT_1062_2_CLI_SINFECHAFINCORTE.ksh

   ______________________________________________________________________________________________________________

    * 13/08/22 11:37:28 - Iniciando ejecucion ............... 



    * 13/08/22 11:37:29 - Detalle Ejecucion proceso ............... 

--D-22-01-064597--------------------------------------------------------------------------------------------------------
-------------------------------------------------
148803
9914389,15/01/22,15/01/22,148803,6223767595,15/01/22,,
9914389,15/01/22,15/01/22,148803,6223767595,15/01/22,15/01/22,15/01/22
--D-22-01-072644--------------------------------------------------------------------------------------------------------
-------------------------------------------------
171043
9922481,15/01/22,16/01/22,171043,8313791007,16/01/22,,
9922481,15/01/22,16/01/22,171043,8313791007,16/01/22,16/01/22,16/01/22
--D-22-06-028307--------------------------------------------------------------------------------------------------------
-------------------------------------------------
232615
10256997,07/06/22,07/06/22,232615,4428113328,07/06/22,,
10256997,07/06/22,07/06/22,232615,4428113328,07/06/22,07/06/22,07/06/22
--D-22-06-028445--------------------------------------------------------------------------------------------------------
-------------------------------------------------
233487
10261996,07/06/22,07/06/22,233487,9433062833,07/06/22,,
10261996,07/06/22,07/06/22,233487,9433062833,07/06/22,07/06/22,07/06/22
--D-22-08-010020--------------------------------------------------------------------------------------------------------
-------------------------------------------------
251206
10421028,05/08/22,06/08/22,251206,6535044990,06/08/22,,
10421028,05/08/22,06/08/22,251206,6535044990,06/08/22,06/08/22,06/08/22
251207
10421028,05/08/22,06/08/22,251207,6898283874,06/08/22,,
10421028,05/08/22,06/08/22,251207,6898283874,06/08/22,06/08/22,06/08/22
--D-22-08-010021--------------------------------------------------------------------------------------------------------
-------------------------------------------------
251177
10421029,05/08/22,06/08/22,251177,1198219423,05/08/22,,
10421029,05/08/22,06/08/22,251177,1198219423,05/08/22,06/08/22,06/08/22
251202
10421029,05/08/22,06/08/22,251202,4237110028,06/08/22,,
10421029,05/08/22,06/08/22,251202,4237110028,06/08/22,06/08/22,06/08/22
251204
10421029,05/08/22,06/08/22,251204,8012121420,06/08/22,,
10421029,05/08/22,06/08/22,251204,8012121420,06/08/22,06/08/22,06/08/22
251297
10421029,05/08/22,06/08/22,251297,1198219423,06/08/22,,
10421029,05/08/22,06/08/22,251297,1198219423,06/08/22,06/08/22,06/08/22
251302
10421029,05/08/22,06/08/22,251302,8012121420,06/08/22,,07/08/22
10421029,05/08/22,06/08/22,251302,8012121420,06/08/22,06/08/22,07/08/22
--D-22-08-010023--------------------------------------------------------------------------------------------------------
-------------------------------------------------
251429
10421030,05/08/22,08/08/22,251429,2367740222,07/08/22,,07/08/22
10421030,05/08/22,08/08/22,251429,2367740222,07/08/22,08/08/22,07/08/22
251430
10421030,05/08/22,08/08/22,251430,4562533311,07/08/22,,07/08/22
10421030,05/08/22,08/08/22,251430,4562533311,07/08/22,08/08/22,07/08/22
251431
10421030,05/08/22,08/08/22,251431,7280447900,07/08/22,,07/08/22
10421030,05/08/22,08/08/22,251431,7280447900,07/08/22,08/08/22,07/08/22
251432
10421030,05/08/22,08/08/22,251432,8063375005,07/08/22,,07/08/22
10421030,05/08/22,08/08/22,251432,8063375005,07/08/22,08/08/22,07/08/22
--D-22-08-017660--------------------------------------------------------------------------------------------------------
-------------------------------------------------
251642
10424510,09/08/22,09/08/22,251642,2169339338,09/08/22,,
10424510,09/08/22,09/08/22,251642,2169339338,09/08/22,09/08/22,09/08/22
--D-22-08-017795--------------------------------------------------------------------------------------------------------
-------------------------------------------------
251800
10424522,09/08/22,11/08/22,251800,8896372176,10/08/22,,10/08/22
10424522,09/08/22,11/08/22,251800,8896372176,10/08/22,11/08/22,10/08/22
--D-22-08-017807--------------------------------------------------------------------------------------------------------
-------------------------------------------------
251674
10424525,09/08/22,11/08/22,251674,5405180477,09/08/22,,
10424525,09/08/22,11/08/22,251674,5405180477,09/08/22,11/08/22,11/08/22
251677
10424525,09/08/22,11/08/22,251677,8793153354,09/08/22,,
10424525,09/08/22,11/08/22,251677,8793153354,09/08/22,11/08/22,11/08/22
251788
10424525,09/08/22,11/08/22,251788,5872062048,10/08/22,,
10424525,09/08/22,11/08/22,251788,5872062048,10/08/22,11/08/22,11/08/22
251897
10424525,09/08/22,11/08/22,251897,4015498927,10/08/22,,10/08/22
10424525,09/08/22,11/08/22,251897,4015498927,10/08/22,11/08/22,10/08/22
251898
10424525,09/08/22,11/08/22,251898,5872062048,10/08/22,,10/08/22
10424525,09/08/22,11/08/22,251898,5872062048,10/08/22,11/08/22,10/08/22
251900
10424525,09/08/22,11/08/22,251900,8780470566,10/08/22,,10/08/22
10424525,09/08/22,11/08/22,251900,8780470566,10/08/22,11/08/22,10/08/22
--D-22-08-017812--------------------------------------------------------------------------------------------------------
-------------------------------------------------
251883
10424527,09/08/22,10/08/22,251883,5405180477,10/08/22,,
10424527,09/08/22,10/08/22,251883,5405180477,10/08/22,10/08/22,10/08/22
251889
10424527,09/08/22,10/08/22,251889,8793153354,10/08/22,,
10424527,09/08/22,10/08/22,251889,8793153354,10/08/22,10/08/22,10/08/22
--D-22-08-017889--------------------------------------------------------------------------------------------------------
-------------------------------------------------
251789
10424537,09/08/22,10/08/22,251789,7454277882,10/08/22,,
10424537,09/08/22,10/08/22,251789,7454277882,10/08/22,10/08/22,10/08/22
--D-22-08-008000--------------------------------------------------------------------------------------------------------
-------------------------------------------------
251143
10426880,04/08/22,05/08/22,251143,7050168259,05/08/22,,
10426880,04/08/22,05/08/22,251143,7050168259,05/08/22,05/08/22,05/08/22
--D-22-08-008715--------------------------------------------------------------------------------------------------------
-------------------------------------------------
251069
10427587,05/08/22,05/08/22,251069,1851395922,05/08/22,,
10427587,05/08/22,05/08/22,251069,1851395922,05/08/22,05/08/22,05/08/22
251070
10427587,05/08/22,05/08/22,251070,1851395922,05/08/22,,
10427587,05/08/22,05/08/22,251070,1851395922,05/08/22,05/08/22,05/08/22
--D-22-08-008784--------------------------------------------------------------------------------------------------------
-------------------------------------------------
251194
10427653,05/08/22,08/08/22,251194,0650837621,06/08/22,,06/08/22
10427653,05/08/22,08/08/22,251194,0650837621,06/08/22,08/08/22,06/08/22
251195
10427653,05/08/22,08/08/22,251195,1318371957,06/08/22,,06/08/22
10427653,05/08/22,08/08/22,251195,1318371957,06/08/22,08/08/22,06/08/22
251196
10427653,05/08/22,08/08/22,251196,2877761464,06/08/22,,06/08/22
10427653,05/08/22,08/08/22,251196,2877761464,06/08/22,08/08/22,06/08/22
251197
10427653,05/08/22,08/08/22,251197,3165163012,06/08/22,,06/08/22
10427653,05/08/22,08/08/22,251197,3165163012,06/08/22,08/08/22,06/08/22
251198
10427653,05/08/22,08/08/22,251198,9146673980,06/08/22,,06/08/22
10427653,05/08/22,08/08/22,251198,9146673980,06/08/22,08/08/22,06/08/22
--D-22-08-009684--------------------------------------------------------------------------------------------------------
-------------------------------------------------
251139
10428548,05/08/22,05/08/22,251139,8856273388,05/08/22,,05/08/22
10428548,05/08/22,05/08/22,251139,8856273388,05/08/22,05/08/22,05/08/22
--D-22-08-009855--------------------------------------------------------------------------------------------------------
-------------------------------------------------
251148
10428719,05/08/22,05/08/22,251148,7968215103,05/08/22,,
10428719,05/08/22,05/08/22,251148,7968215103,05/08/22,05/08/22,05/08/22
--D-22-08-009904--------------------------------------------------------------------------------------------------------
-------------------------------------------------
251149
10428766,05/08/22,05/08/22,251149,4033826876,05/08/22,,05/08/22
10428766,05/08/22,05/08/22,251149,4033826876,05/08/22,05/08/22,05/08/22
--D-22-08-009927--------------------------------------------------------------------------------------------------------
-------------------------------------------------
251153
10428789,05/08/22,05/08/22,251153,2359340294,05/08/22,,
10428789,05/08/22,05/08/22,251153,2359340294,05/08/22,05/08/22,05/08/22
251156
10428789,05/08/22,05/08/22,251156,2359340294,05/08/22,,
10428789,05/08/22,05/08/22,251156,2359340294,05/08/22,05/08/22,05/08/22
--D-22-08-009973--------------------------------------------------------------------------------------------------------
-------------------------------------------------
251150
10428835,05/08/22,05/08/22,251150,1436704496,05/08/22,,
10428835,05/08/22,05/08/22,251150,1436704496,05/08/22,05/08/22,05/08/22
251158
10428835,05/08/22,05/08/22,251158,1436704496,05/08/22,,05/08/22
10428835,05/08/22,05/08/22,251158,1436704496,05/08/22,05/08/22,05/08/22
--D-22-08-009974--------------------------------------------------------------------------------------------------------
-------------------------------------------------
251151
10428836,05/08/22,05/08/22,251151,8681873998,05/08/22,,05/08/22
10428836,05/08/22,05/08/22,251151,8681873998,05/08/22,05/08/22,05/08/22
--D-22-08-010054--------------------------------------------------------------------------------------------------------
-------------------------------------------------
251554
10428947,05/08/22,08/08/22,251554,4267651339,08/08/22,,08/08/22
10428947,05/08/22,08/08/22,251554,4267651339,08/08/22,08/08/22,08/08/22
251555
10428947,05/08/22,08/08/22,251555,8575840377,08/08/22,,08/08/22
10428947,05/08/22,08/08/22,251555,8575840377,08/08/22,08/08/22,08/08/22
--D-22-08-010081--------------------------------------------------------------------------------------------------------
-------------------------------------------------
251495
10428963,05/08/22,08/08/22,251495,8712472227,08/08/22,,
10428963,05/08/22,08/08/22,251495,8712472227,08/08/22,08/08/22,08/08/22
--D-22-08-010177--------------------------------------------------------------------------------------------------------
-------------------------------------------------
251567
10428976,05/08/22,09/08/22,251567,2105916077,08/08/22,,08/08/22
10428976,05/08/22,09/08/22,251567,2105916077,08/08/22,09/08/22,08/08/22
--D-22-08-012395--------------------------------------------------------------------------------------------------------
-------------------------------------------------
251324
10429007,06/08/22,07/08/22,251324,9294180633,06/08/22,,
10429007,06/08/22,07/08/22,251324,9294180633,06/08/22,07/08/22,07/08/22
251333
10429007,06/08/22,07/08/22,251333,5648435334,06/08/22,,
10429007,06/08/22,07/08/22,251333,5648435334,06/08/22,07/08/22,07/08/22
--D-22-08-012530--------------------------------------------------------------------------------------------------------
-------------------------------------------------
251310
10429008,06/08/22,07/08/22,251310,0049913996,06/08/22,,
10429008,06/08/22,07/08/22,251310,0049913996,06/08/22,07/08/22,07/08/22
--D-22-08-012923--------------------------------------------------------------------------------------------------------
-------------------------------------------------
251351
10429015,07/08/22,07/08/22,251351,3969185144,07/08/22,,
10429015,07/08/22,07/08/22,251351,3969185144,07/08/22,07/08/22,07/08/22
--D-22-08-010249--------------------------------------------------------------------------------------------------------
-------------------------------------------------
251169
10429152,05/08/22,06/08/22,251169,1677903277,05/08/22,,
10429152,05/08/22,06/08/22,251169,1677903277,05/08/22,06/08/22,06/08/22
251170
10429152,05/08/22,06/08/22,251170,1677903277,05/08/22,,
10429152,05/08/22,06/08/22,251170,1677903277,05/08/22,06/08/22,06/08/22
251171
10429152,05/08/22,06/08/22,251171,8430727453,05/08/22,,
10429152,05/08/22,06/08/22,251171,8430727453,05/08/22,06/08/22,06/08/22
--D-22-08-010981--------------------------------------------------------------------------------------------------------
-------------------------------------------------
251185
10429878,05/08/22,06/08/22,251185,3532105207,05/08/22,,
10429878,05/08/22,06/08/22,251185,3532105207,05/08/22,06/08/22,06/08/22
251186
10429878,05/08/22,06/08/22,251186,3532105207,05/08/22,,06/08/22
10429878,05/08/22,06/08/22,251186,3532105207,05/08/22,06/08/22,06/08/22
--D-22-08-010998--------------------------------------------------------------------------------------------------------
-------------------------------------------------
251191
10429894,05/08/22,06/08/22,251191,1860600570,05/08/22,,06/08/22
10429894,05/08/22,06/08/22,251191,1860600570,05/08/22,06/08/22,06/08/22
--D-22-08-011115--------------------------------------------------------------------------------------------------------
-------------------------------------------------
251199
10430007,06/08/22,06/08/22,251199,9429131576,06/08/22,,06/08/22
10430007,06/08/22,06/08/22,251199,9429131576,06/08/22,06/08/22,06/08/22
--D-22-08-011171--------------------------------------------------------------------------------------------------------
-------------------------------------------------
251203
10430063,06/08/22,06/08/22,251203,7031132518,06/08/22,,06/08/22
10430063,06/08/22,06/08/22,251203,7031132518,06/08/22,06/08/22,06/08/22
--D-22-08-011185--------------------------------------------------------------------------------------------------------
-------------------------------------------------
251208
10430077,06/08/22,06/08/22,251208,6346331776,06/08/22,,
10430077,06/08/22,06/08/22,251208,6346331776,06/08/22,06/08/22,06/08/22
251214
10430077,06/08/22,06/08/22,251214,6346331776,06/08/22,,
10430077,06/08/22,06/08/22,251214,6346331776,06/08/22,06/08/22,06/08/22
--D-22-08-011300--------------------------------------------------------------------------------------------------------
-------------------------------------------------
251229
10430191,06/08/22,06/08/22,251229,7420999178,06/08/22,,06/08/22
10430191,06/08/22,06/08/22,251229,7420999178,06/08/22,06/08/22,06/08/22
--D-22-08-011424--------------------------------------------------------------------------------------------------------
-------------------------------------------------
251212
10430314,06/08/22,06/08/22,251212,9396749390,06/08/22,,
10430314,06/08/22,06/08/22,251212,9396749390,06/08/22,06/08/22,06/08/22
--D-22-08-011454--------------------------------------------------------------------------------------------------------
-------------------------------------------------
251213
10430344,06/08/22,06/08/22,251213,6346331776,06/08/22,,
10430344,06/08/22,06/08/22,251213,6346331776,06/08/22,06/08/22,06/08/22
--D-22-08-011908--------------------------------------------------------------------------------------------------------
-------------------------------------------------
251237
10430792,06/08/22,06/08/22,251237,6631739079,06/08/22,,06/08/22
10430792,06/08/22,06/08/22,251237,6631739079,06/08/22,06/08/22,06/08/22
--D-22-08-012449--------------------------------------------------------------------------------------------------------
-------------------------------------------------
251299
10431325,06/08/22,06/08/22,251299,8012121420,06/08/22,,
10431325,06/08/22,06/08/22,251299,8012121420,06/08/22,06/08/22,06/08/22
--D-22-08-012742--------------------------------------------------------------------------------------------------------
-------------------------------------------------
251334
10431615,06/08/22,07/08/22,251334,6535044990,06/08/22,,07/08/22
10431615,06/08/22,07/08/22,251334,6535044990,06/08/22,07/08/22,07/08/22
--D-22-08-012937--------------------------------------------------------------------------------------------------------
-------------------------------------------------
251352
10431804,07/08/22,07/08/22,251352,6961412415,07/08/22,,07/08/22
10431804,07/08/22,07/08/22,251352,6961412415,07/08/22,07/08/22,07/08/22
--D-22-08-013467--------------------------------------------------------------------------------------------------------
-------------------------------------------------
251409
10432327,07/08/22,07/08/22,251409,6591786682,07/08/22,,07/08/22
10432327,07/08/22,07/08/22,251409,6591786682,07/08/22,07/08/22,07/08/22
--D-22-08-013791--------------------------------------------------------------------------------------------------------
-------------------------------------------------
251457
10432647,07/08/22,07/08/22,251457,9103426645,07/08/22,,
10432647,07/08/22,07/08/22,251457,9103426645,07/08/22,07/08/22,07/08/22
251464
10432647,07/08/22,07/08/22,251464,9103426645,07/08/22,,07/08/22
10432647,07/08/22,07/08/22,251464,9103426645,07/08/22,07/08/22,07/08/22
--D-22-08-013862--------------------------------------------------------------------------------------------------------
-------------------------------------------------
251451
10432717,07/08/22,08/08/22,251451,5031895386,07/08/22,,
10432717,07/08/22,08/08/22,251451,5031895386,07/08/22,08/08/22,08/08/22
251452
10432717,07/08/22,08/08/22,251452,1273995824,07/08/22,,
10432717,07/08/22,08/08/22,251452,1273995824,07/08/22,08/08/22,08/08/22
251453
10432717,07/08/22,08/08/22,251453,1945346334,07/08/22,,07/08/22
10432717,07/08/22,08/08/22,251453,1945346334,07/08/22,08/08/22,07/08/22
251454
10432717,07/08/22,08/08/22,251454,5031895386,07/08/22,,
10432717,07/08/22,08/08/22,251454,5031895386,07/08/22,08/08/22,08/08/22
251455
10432717,07/08/22,08/08/22,251455,6516253911,07/08/22,,07/08/22
10432717,07/08/22,08/08/22,251455,6516253911,07/08/22,08/08/22,07/08/22
--D-22-08-014067--------------------------------------------------------------------------------------------------------
-------------------------------------------------
251475
10432922,07/08/22,07/08/22,251475,2580519813,07/08/22,,08/08/22
10432922,07/08/22,07/08/22,251475,2580519813,07/08/22,07/08/22,08/08/22
--D-22-08-014310--------------------------------------------------------------------------------------------------------
-------------------------------------------------
251489
10433160,08/08/22,08/08/22,251489,1945346334,08/08/22,,08/08/22
10433160,08/08/22,08/08/22,251489,1945346334,08/08/22,08/08/22,08/08/22
251490
10433160,08/08/22,08/08/22,251490,6516253911,08/08/22,,
10433160,08/08/22,08/08/22,251490,6516253911,08/08/22,08/08/22,08/08/22
251492
10433160,08/08/22,08/08/22,251492,6516253911,08/08/22,,08/08/22
10433160,08/08/22,08/08/22,251492,6516253911,08/08/22,08/08/22,08/08/22
--D-22-08-014389--------------------------------------------------------------------------------------------------------
-------------------------------------------------
251493
10433238,08/08/22,08/08/22,251493,1876940539,08/08/22,,
10433238,08/08/22,08/08/22,251493,1876940539,08/08/22,08/08/22,08/08/22
--D-22-08-014419--------------------------------------------------------------------------------------------------------
-------------------------------------------------
251483
10433268,08/08/22,08/08/22,251483,3815023458,08/08/22,,08/08/22
10433268,08/08/22,08/08/22,251483,3815023458,08/08/22,08/08/22,08/08/22
--D-22-08-014713--------------------------------------------------------------------------------------------------------
-------------------------------------------------
251551
10433562,08/08/22,08/08/22,251551,4413557409,08/08/22,,08/08/22
10433562,08/08/22,08/08/22,251551,4413557409,08/08/22,08/08/22,08/08/22
--D-22-08-015283--------------------------------------------------------------------------------------------------------
-------------------------------------------------
251540
10434129,08/08/22,08/08/22,251540,1499178390,08/08/22,,08/08/22
10434129,08/08/22,08/08/22,251540,1499178390,08/08/22,08/08/22,08/08/22
--D-22-08-019508--------------------------------------------------------------------------------------------------------
-------------------------------------------------
251783
10434288,10/08/22,10/08/22,251783,2590718852,10/08/22,,
10434288,10/08/22,10/08/22,251783,2590718852,10/08/22,10/08/22,10/08/22
251785
10434288,10/08/22,10/08/22,251785,3826662460,10/08/22,,
10434288,10/08/22,10/08/22,251785,3826662460,10/08/22,10/08/22,10/08/22
251786
10434288,10/08/22,10/08/22,251786,7050168259,10/08/22,,
10434288,10/08/22,10/08/22,251786,7050168259,10/08/22,10/08/22,10/08/22
251803
10434288,10/08/22,10/08/22,251803,1472123127,10/08/22,,
10434288,10/08/22,10/08/22,251803,1472123127,10/08/22,10/08/22,10/08/22
251857
10434288,10/08/22,10/08/22,251857,3826662460,10/08/22,,
10434288,10/08/22,10/08/22,251857,3826662460,10/08/22,10/08/22,10/08/22
--D-22-08-015440--------------------------------------------------------------------------------------------------------
-------------------------------------------------
251550
10434368,08/08/22,08/08/22,251550,4413557409,08/08/22,,
10434368,08/08/22,08/08/22,251550,4413557409,08/08/22,08/08/22,08/08/22
--D-22-08-015492--------------------------------------------------------------------------------------------------------
-------------------------------------------------
251552
10434418,08/08/22,08/08/22,251552,4413557409,08/08/22,,08/08/22
10434418,08/08/22,08/08/22,251552,4413557409,08/08/22,08/08/22,08/08/22
--D-22-08-015837--------------------------------------------------------------------------------------------------------
-------------------------------------------------
251561
10434748,08/08/22,08/08/22,251561,1061815108,08/08/22,,
10434748,08/08/22,08/08/22,251561,1061815108,08/08/22,08/08/22,08/08/22
--D-22-08-015958--------------------------------------------------------------------------------------------------------
-------------------------------------------------
251557
10434868,08/08/22,08/08/22,251557,1061815108,08/08/22,,
10434868,08/08/22,08/08/22,251557,1061815108,08/08/22,08/08/22,08/08/22
--D-22-08-016151--------------------------------------------------------------------------------------------------------
-------------------------------------------------
251563
10435059,08/08/22,08/08/22,251563,9544410249,08/08/22,,
10435059,08/08/22,08/08/22,251563,9544410249,08/08/22,08/08/22,08/08/22
--D-22-08-016242--------------------------------------------------------------------------------------------------------
-------------------------------------------------
251582
10435150,08/08/22,08/08/22,251582,2426111606,08/08/22,,
10435150,08/08/22,08/08/22,251582,2426111606,08/08/22,08/08/22,08/08/22
--D-22-08-016410--------------------------------------------------------------------------------------------------------
-------------------------------------------------
251581
10435318,08/08/22,08/08/22,251581,9473501066,08/08/22,,08/08/22
10435318,08/08/22,08/08/22,251581,9473501066,08/08/22,08/08/22,08/08/22
--D-22-08-016469--------------------------------------------------------------------------------------------------------
-------------------------------------------------
251583
10435377,08/08/22,08/08/22,251583,8358292978,08/08/22,,
10435377,08/08/22,08/08/22,251583,8358292978,08/08/22,08/08/22,08/08/22
251584
10435377,08/08/22,08/08/22,251584,8358292978,08/08/22,,08/08/22
10435377,08/08/22,08/08/22,251584,8358292978,08/08/22,08/08/22,08/08/22
--D-22-08-016498--------------------------------------------------------------------------------------------------------
-------------------------------------------------
251585
10435405,08/08/22,09/08/22,251585,9380781161,08/08/22,,08/08/22
10435405,08/08/22,09/08/22,251585,9380781161,08/08/22,09/08/22,08/08/22
--D-22-08-016514--------------------------------------------------------------------------------------------------------
-------------------------------------------------
251586
10435420,08/08/22,09/08/22,251586,5621048917,08/08/22,,
10435420,08/08/22,09/08/22,251586,5621048917,08/08/22,09/08/22,09/08/22
--D-22-08-016642--------------------------------------------------------------------------------------------------------
-------------------------------------------------
251590
10435548,08/08/22,09/08/22,251590,6653010962,08/08/22,,
10435548,08/08/22,09/08/22,251590,6653010962,08/08/22,09/08/22,09/08/22
--D-22-08-016784--------------------------------------------------------------------------------------------------------
-------------------------------------------------
251595
10435690,08/08/22,09/08/22,251595,0386374718,08/08/22,,
10435690,08/08/22,09/08/22,251595,0386374718,08/08/22,09/08/22,09/08/22
--D-22-08-017290--------------------------------------------------------------------------------------------------------
-------------------------------------------------
251618
10436186,09/08/22,09/08/22,251618,3812192223,09/08/22,,09/08/22
10436186,09/08/22,09/08/22,251618,3812192223,09/08/22,09/08/22,09/08/22
--D-22-08-017433--------------------------------------------------------------------------------------------------------
-------------------------------------------------
251634
10436329,09/08/22,09/08/22,251634,8850278951,09/08/22,,
10436329,09/08/22,09/08/22,251634,8850278951,09/08/22,09/08/22,09/08/22
251637
10436329,09/08/22,09/08/22,251637,8850278951,09/08/22,,09/08/22
10436329,09/08/22,09/08/22,251637,8850278951,09/08/22,09/08/22,09/08/22
--D-22-08-017552--------------------------------------------------------------------------------------------------------
-------------------------------------------------
251638
10436448,09/08/22,09/08/22,251638,5648435334,09/08/22,,09/08/22
10436448,09/08/22,09/08/22,251638,5648435334,09/08/22,09/08/22,09/08/22
--D-22-08-017909--------------------------------------------------------------------------------------------------------
-------------------------------------------------
251648
10436775,09/08/22,09/08/22,251648,6304472810,09/08/22,,09/08/22
10436775,09/08/22,09/08/22,251648,6304472810,09/08/22,09/08/22,09/08/22
--D-22-08-017990--------------------------------------------------------------------------------------------------------
-------------------------------------------------
251649
10436855,09/08/22,09/08/22,251649,4804791967,09/08/22,,
10436855,09/08/22,09/08/22,251649,4804791967,09/08/22,09/08/22,09/08/22
--D-22-08-018063--------------------------------------------------------------------------------------------------------
-------------------------------------------------
251650
10436928,09/08/22,09/08/22,251650,1557850187,09/08/22,,09/08/22
10436928,09/08/22,09/08/22,251650,1557850187,09/08/22,09/08/22,09/08/22
--D-22-08-018135--------------------------------------------------------------------------------------------------------
-------------------------------------------------
251652
10437000,09/08/22,09/08/22,251652,5182806827,09/08/22,,09/08/22
10437000,09/08/22,09/08/22,251652,5182806827,09/08/22,09/08/22,09/08/22
--D-22-08-018186--------------------------------------------------------------------------------------------------------
-------------------------------------------------
251655
10437050,09/08/22,09/08/22,251655,0599608085,09/08/22,,09/08/22
10437050,09/08/22,09/08/22,251655,0599608085,09/08/22,09/08/22,09/08/22
--D-22-08-018206--------------------------------------------------------------------------------------------------------
-------------------------------------------------
251656
10437070,09/08/22,10/08/22,251656,5419333421,09/08/22,,
10437070,09/08/22,10/08/22,251656,5419333421,09/08/22,10/08/22,10/08/22
--D-22-08-018647--------------------------------------------------------------------------------------------------------
-------------------------------------------------
251704
10437508,09/08/22,10/08/22,251704,4413820608,09/08/22,,10/08/22
10437508,09/08/22,10/08/22,251704,4413820608,09/08/22,10/08/22,10/08/22
--D-22-08-018649--------------------------------------------------------------------------------------------------------
-------------------------------------------------
251660
10437510,09/08/22,09/08/22,251660,4954378913,09/08/22,,10/08/22
10437510,09/08/22,09/08/22,251660,4954378913,09/08/22,09/08/22,10/08/22
--D-22-08-018984--------------------------------------------------------------------------------------------------------
-------------------------------------------------
251689
10437646,09/08/22,10/08/22,251689,2648695106,09/08/22,,
10437646,09/08/22,10/08/22,251689,2648695106,09/08/22,10/08/22,10/08/22
251699
10437646,09/08/22,10/08/22,251699,9106658568,09/08/22,,
10437646,09/08/22,10/08/22,251699,9106658568,09/08/22,10/08/22,10/08/22
251700
10437646,09/08/22,10/08/22,251700,2648695106,09/08/22,,
10437646,09/08/22,10/08/22,251700,2648695106,09/08/22,10/08/22,10/08/22
251703
10437646,09/08/22,10/08/22,251703,6597018647,09/08/22,,
10437646,09/08/22,10/08/22,251703,6597018647,09/08/22,10/08/22,10/08/22
--D-22-08-020361--------------------------------------------------------------------------------------------------------
-------------------------------------------------
251938
10437702,10/08/22,11/08/22,251938,3118069223,11/08/22,,
10437702,10/08/22,11/08/22,251938,3118069223,11/08/22,11/08/22,11/08/22
251953
10437702,10/08/22,11/08/22,251953,3118069223,11/08/22,,11/08/22
10437702,10/08/22,11/08/22,251953,3118069223,11/08/22,11/08/22,11/08/22
--D-22-08-020474--------------------------------------------------------------------------------------------------------
-------------------------------------------------
251874
10437715,10/08/22,11/08/22,251874,2383243612,10/08/22,,
10437715,10/08/22,11/08/22,251874,2383243612,10/08/22,11/08/22,11/08/22
251875
10437715,10/08/22,11/08/22,251875,2383243612,10/08/22,,10/08/22
10437715,10/08/22,11/08/22,251875,2383243612,10/08/22,11/08/22,10/08/22
--D-22-08-021231--------------------------------------------------------------------------------------------------------
-------------------------------------------------
251877
10437720,10/08/22,10/08/22,251877,4940932079,10/08/22,,
10437720,10/08/22,10/08/22,251877,4940932079,10/08/22,10/08/22,10/08/22
251880
10437720,10/08/22,10/08/22,251880,7131110564,10/08/22,,
10437720,10/08/22,10/08/22,251880,7131110564,10/08/22,10/08/22,10/08/22
--D-22-08-018802--------------------------------------------------------------------------------------------------------
-------------------------------------------------
251669
10437762,09/08/22,09/08/22,251669,4702848373,09/08/22,,
10437762,09/08/22,09/08/22,251669,4702848373,09/08/22,09/08/22,09/08/22
--D-22-08-018901--------------------------------------------------------------------------------------------------------
-------------------------------------------------
251793
10437861,09/08/22,10/08/22,251793,1851567271,10/08/22,,
10437861,09/08/22,10/08/22,251793,1851567271,10/08/22,10/08/22,10/08/22
251799
10437861,09/08/22,10/08/22,251799,1851567271,10/08/22,,10/08/22
10437861,09/08/22,10/08/22,251799,1851567271,10/08/22,10/08/22,10/08/22
251821
10437861,09/08/22,10/08/22,251821,1851567271,10/08/22,,
10437861,09/08/22,10/08/22,251821,1851567271,10/08/22,10/08/22,10/08/22
--D-22-08-018941--------------------------------------------------------------------------------------------------------
-------------------------------------------------
251670
10437901,09/08/22,10/08/22,251670,5621048917,09/08/22,,10/08/22
10437901,09/08/22,10/08/22,251670,5621048917,09/08/22,10/08/22,10/08/22
--D-22-08-019196--------------------------------------------------------------------------------------------------------
-------------------------------------------------
251763
10438105,10/08/22,10/08/22,251763,0327321107,10/08/22,,
10438105,10/08/22,10/08/22,251763,0327321107,10/08/22,10/08/22,10/08/22
--D-22-08-019314--------------------------------------------------------------------------------------------------------
-------------------------------------------------
251762
10438219,10/08/22,10/08/22,251762,9473501066,10/08/22,,
10438219,10/08/22,10/08/22,251762,9473501066,10/08/22,10/08/22,10/08/22
--D-22-08-019325--------------------------------------------------------------------------------------------------------
-------------------------------------------------
251765
10438229,10/08/22,10/08/22,251765,9402629105,10/08/22,,
10438229,10/08/22,10/08/22,251765,9402629105,10/08/22,10/08/22,10/08/22
--D-22-08-019567--------------------------------------------------------------------------------------------------------
-------------------------------------------------
251792
10438455,10/08/22,10/08/22,251792,1851567271,10/08/22,,10/08/22
10438455,10/08/22,10/08/22,251792,1851567271,10/08/22,10/08/22,10/08/22
--D-22-08-019666--------------------------------------------------------------------------------------------------------
-------------------------------------------------
251798
10438554,10/08/22,10/08/22,251798,1851567271,10/08/22,,
10438554,10/08/22,10/08/22,251798,1851567271,10/08/22,10/08/22,10/08/22
--D-22-08-019788--------------------------------------------------------------------------------------------------------
-------------------------------------------------
251802
10438676,10/08/22,10/08/22,251802,5788160500,10/08/22,,10/08/22
10438676,10/08/22,10/08/22,251802,5788160500,10/08/22,10/08/22,10/08/22
--D-22-08-020165--------------------------------------------------------------------------------------------------------
-------------------------------------------------
251826
10439021,10/08/22,10/08/22,251826,3088749624,10/08/22,,
10439021,10/08/22,10/08/22,251826,3088749624,10/08/22,10/08/22,10/08/22
--D-22-08-020249--------------------------------------------------------------------------------------------------------
-------------------------------------------------
251828
10439101,10/08/22,10/08/22,251828,1198219423,10/08/22,,10/08/22
10439101,10/08/22,10/08/22,251828,1198219423,10/08/22,10/08/22,10/08/22
--D-22-08-020287--------------------------------------------------------------------------------------------------------
-------------------------------------------------
251849
10439134,10/08/22,10/08/22,251849,0057833078,10/08/22,,10/08/22
10439134,10/08/22,10/08/22,251849,0057833078,10/08/22,10/08/22,10/08/22
--D-22-08-020349--------------------------------------------------------------------------------------------------------
-------------------------------------------------
251925
10439160,10/08/22,11/08/22,251925,2255202994,11/08/22,,
10439160,10/08/22,11/08/22,251925,2255202994,11/08/22,11/08/22,11/08/22
251928
10439160,10/08/22,11/08/22,251928,8007924225,11/08/22,,
10439160,10/08/22,11/08/22,251928,8007924225,11/08/22,11/08/22,11/08/22
251960
10439160,10/08/22,11/08/22,251960,8007924225,11/08/22,,
10439160,10/08/22,11/08/22,251960,8007924225,11/08/22,11/08/22,11/08/22
251962
10439160,10/08/22,11/08/22,251962,8007924225,11/08/22,,11/08/22
10439160,10/08/22,11/08/22,251962,8007924225,11/08/22,11/08/22,11/08/22
--D-22-08-022364--------------------------------------------------------------------------------------------------------
-------------------------------------------------
251945
10439163,11/08/22,11/08/22,251945,0085773262,11/08/22,,
10439163,11/08/22,11/08/22,251945,0085773262,11/08/22,11/08/22,11/08/22
--D-22-08-020448--------------------------------------------------------------------------------------------------------
-------------------------------------------------
251847
10439350,10/08/22,10/08/22,251847,5419333421,10/08/22,,10/08/22
10439350,10/08/22,10/08/22,251847,5419333421,10/08/22,10/08/22,10/08/22
--D-22-08-020493--------------------------------------------------------------------------------------------------------
-------------------------------------------------
251848
10439390,10/08/22,10/08/22,251848,0057833078,10/08/22,,
10439390,10/08/22,10/08/22,251848,0057833078,10/08/22,10/08/22,10/08/22
--D-22-08-020891--------------------------------------------------------------------------------------------------------
-------------------------------------------------
251861
10439785,10/08/22,10/08/22,251861,0675018856,10/08/22,,10/08/22
10439785,10/08/22,10/08/22,251861,0675018856,10/08/22,10/08/22,10/08/22
--D-22-08-020961--------------------------------------------------------------------------------------------------------
-------------------------------------------------
251867
10439855,10/08/22,10/08/22,251867,8396801953,10/08/22,,10/08/22
10439855,10/08/22,10/08/22,251867,8396801953,10/08/22,10/08/22,10/08/22
--D-22-08-021210--------------------------------------------------------------------------------------------------------
-------------------------------------------------
251868
10440104,10/08/22,11/08/22,251868,5366059285,10/08/22,,
10440104,10/08/22,11/08/22,251868,5366059285,10/08/22,11/08/22,11/08/22
--D-22-08-021355--------------------------------------------------------------------------------------------------------
-------------------------------------------------
251905
10440247,10/08/22,10/08/22,251905,8922669093,10/08/22,,10/08/22
10440247,10/08/22,10/08/22,251905,8922669093,10/08/22,10/08/22,10/08/22
--D-22-08-021543--------------------------------------------------------------------------------------------------------
-------------------------------------------------
251918
10440435,10/08/22,11/08/22,251918,7190719538,10/08/22,,
10440435,10/08/22,11/08/22,251918,7190719538,10/08/22,11/08/22,11/08/22
251923
10440435,10/08/22,11/08/22,251923,7190719538,11/08/22,,
10440435,10/08/22,11/08/22,251923,7190719538,11/08/22,11/08/22,11/08/22
--D-22-08-021571--------------------------------------------------------------------------------------------------------
-------------------------------------------------
251919
10440463,10/08/22,11/08/22,251919,5621048917,10/08/22,,
10440463,10/08/22,11/08/22,251919,5621048917,10/08/22,11/08/22,11/08/22
251920
10440463,10/08/22,11/08/22,251920,5621048917,10/08/22,,
10440463,10/08/22,11/08/22,251920,5621048917,10/08/22,11/08/22,11/08/22
--D-22-08-021876--------------------------------------------------------------------------------------------------------
-------------------------------------------------
251948
10440761,11/08/22,11/08/22,251948,7537168498,11/08/22,,
10440761,11/08/22,11/08/22,251948,7537168498,11/08/22,11/08/22,11/08/22
251951
10440761,11/08/22,11/08/22,251951,7537168498,11/08/22,,
10440761,11/08/22,11/08/22,251951,7537168498,11/08/22,11/08/22,11/08/22
--D-22-08-022063--------------------------------------------------------------------------------------------------------
-------------------------------------------------
251937
10440948,11/08/22,11/08/22,251937,3118069223,11/08/22,,
10440948,11/08/22,11/08/22,251937,3118069223,11/08/22,11/08/22,11/08/22
--D-22-08-022168--------------------------------------------------------------------------------------------------------
-------------------------------------------------
251940
10441053,11/08/22,11/08/22,251940,0234665660,11/08/22,,
10441053,11/08/22,11/08/22,251940,0234665660,11/08/22,11/08/22,11/08/22
--D-22-08-022250--------------------------------------------------------------------------------------------------------
-------------------------------------------------
251941
10441135,11/08/22,11/08/22,251941,7109121236,11/08/22,,
10441135,11/08/22,11/08/22,251941,7109121236,11/08/22,11/08/22,11/08/22
--D-22-08-022309--------------------------------------------------------------------------------------------------------
-------------------------------------------------
251942
10441194,11/08/22,11/08/22,251942,7842109203,11/08/22,,
10441194,11/08/22,11/08/22,251942,7842109203,11/08/22,11/08/22,11/08/22
--D-22-08-022443--------------------------------------------------------------------------------------------------------
-------------------------------------------------
251949
10441325,11/08/22,11/08/22,251949,6087305995,11/08/22,,
10441325,11/08/22,11/08/22,251949,6087305995,11/08/22,11/08/22,11/08/22
--D-22-08-022517--------------------------------------------------------------------------------------------------------
-------------------------------------------------
251950
10441394,11/08/22,11/08/22,251950,4114986860,11/08/22,,
10441394,11/08/22,11/08/22,251950,4114986860,11/08/22,11/08/22,11/08/22
--D-22-08-022590--------------------------------------------------------------------------------------------------------
-------------------------------------------------
251952
10441462,11/08/22,11/08/22,251952,3118069223,11/08/22,,
10441462,11/08/22,11/08/22,251952,3118069223,11/08/22,11/08/22,11/08/22
--D-22-08-022608--------------------------------------------------------------------------------------------------------
-------------------------------------------------
251954
10441480,11/08/22,11/08/22,251954,1499401370,11/08/22,,11/08/22
10441480,11/08/22,11/08/22,251954,1499401370,11/08/22,11/08/22,11/08/22
--D-22-08-022625--------------------------------------------------------------------------------------------------------
-------------------------------------------------
251955
10441497,11/08/22,11/08/22,251955,2034365373,11/08/22,,
10441497,11/08/22,11/08/22,251955,2034365373,11/08/22,11/08/22,11/08/22
--D-22-08-022641--------------------------------------------------------------------------------------------------------
-------------------------------------------------
251956
10441513,11/08/22,11/08/22,251956,1840434677,11/08/22,,
10441513,11/08/22,11/08/22,251956,1840434677,11/08/22,11/08/22,11/08/22
--D-22-08-022944--------------------------------------------------------------------------------------------------------
-------------------------------------------------
251964
10441797,11/08/22,11/08/22,251964,4114986860,11/08/22,,11/08/22
10441797,11/08/22,11/08/22,251964,4114986860,11/08/22,11/08/22,11/08/22
--D-22-08-023150--------------------------------------------------------------------------------------------------------
-------------------------------------------------
251965
10442103,11/08/22,11/08/22,251965,0057833078,11/08/22,,11/08/22
10442103,11/08/22,11/08/22,251965,0057833078,11/08/22,11/08/22,11/08/22
--D-22-08-023869--------------------------------------------------------------------------------------------------------
-------------------------------------------------
251977
10442814,11/08/22,12/08/22,251977,1273562009,12/08/22,,
10442814,11/08/22,12/08/22,251977,1273562009,12/08/22,12/08/22,12/08/22
251978
10442814,11/08/22,12/08/22,251978,3504612264,12/08/22,,
10442814,11/08/22,12/08/22,251978,3504612264,12/08/22,12/08/22,12/08/22
251979
10442814,11/08/22,12/08/22,251979,1273562009,12/08/22,,
10442814,11/08/22,12/08/22,251979,1273562009,12/08/22,12/08/22,12/08/22
251980
10442814,11/08/22,12/08/22,251980,3504612264,12/08/22,,
10442814,11/08/22,12/08/22,251980,3504612264,12/08/22,12/08/22,12/08/22
--D-22-08-023962--------------------------------------------------------------------------------------------------------
-------------------------------------------------
251985
10442896,12/08/22,12/08/22,251985,0534215666,12/08/22,,12/08/22
10442896,12/08/22,12/08/22,251985,0534215666,12/08/22,12/08/22,12/08/22
--D-22-08-024213--------------------------------------------------------------------------------------------------------
-------------------------------------------------
252031
10443131,12/08/22,12/08/22,252031,5872301455,12/08/22,,
10443131,12/08/22,12/08/22,252031,5872301455,12/08/22,12/08/22,12/08/22
--D-22-08-024359--------------------------------------------------------------------------------------------------------
-------------------------------------------------
252033
10443258,12/08/22,12/08/22,252033,6359545706,12/08/22,,
10443258,12/08/22,12/08/22,252033,6359545706,12/08/22,12/08/22,12/08/22
--D-22-08-024446--------------------------------------------------------------------------------------------------------
-------------------------------------------------
252034
10443342,12/08/22,12/08/22,252034,5092050480,12/08/22,,12/08/22
10443342,12/08/22,12/08/22,252034,5092050480,12/08/22,12/08/22,12/08/22
--D-22-08-024669--------------------------------------------------------------------------------------------------------
-------------------------------------------------
252037
10443562,12/08/22,12/08/22,252037,5872301455,12/08/22,,
10443562,12/08/22,12/08/22,252037,5872301455,12/08/22,12/08/22,12/08/22
--D-22-08-025520--------------------------------------------------------------------------------------------------------
-------------------------------------------------
252060
10444471,12/08/22,13/08/22,252060,8269510537,12/08/22,,
10444471,12/08/22,13/08/22,252060,8269510537,12/08/22,13/08/22,13/08/22
252070
10444471,12/08/22,13/08/22,252070,8269510537,13/08/22,,
10444471,12/08/22,13/08/22,252070,8269510537,13/08/22,13/08/22,13/08/22
------------------------------------------------------------------------------------------------------------------------
------------------------------------------------


    * 13/08/22 11:37:29 - Fin Ejecucion proceso ............... 

