

   ______________________________________________________________________________________________________________

                     EJECUCION DE PROCESO - DATE: 13/08/22 11:30:40 - DATABASE: GISPR02
                                               SCRIPT EJECUTADO: /stage/gis/imple/procesos/TMT/trans/TPR/batch/DLSOT_1062_1_DOC_SINFECHAFIN.ksh

   ______________________________________________________________________________________________________________

    * 13/08/22 11:30:40 - Iniciando ejecucion ............... 



    * 13/08/22 11:30:40 - Detalle Ejecucion proceso ............... 

------------------------------------------------------------------------------------------------------------
ANTES DE ACTUALIZAR
8167084,D-19-12-001200,02/12/19,,21213,21214
DESPUES DE ACTUALIZAR
8167084,D-19-12-001200,02/12/19,02/12/19,21213,21214
------------------------------------------------------------------------------------------------------------
ANTES DE ACTUALIZAR
8822359,D-20-09-054688,29/09/20,,133334,133337
DESPUES DE ACTUALIZAR
8822359,D-20-09-054688,29/09/20,29/09/20,133334,133337
------------------------------------------------------------------------------------------------------------
ANTES DE ACTUALIZAR
9914389,D-22-01-064597,15/01/22,,329284,329289
DESPUES DE ACTUALIZAR
9914389,D-22-01-064597,15/01/22,15/01/22,329284,329289
------------------------------------------------------------------------------------------------------------
ANTES DE ACTUALIZAR
9923427,D-22-01-075353,16/01/22,,329631,329633
DESPUES DE ACTUALIZAR
9923427,D-22-01-075353,16/01/22,16/01/22,329631,329633
------------------------------------------------------------------------------------------------------------
ANTES DE ACTUALIZAR
9922481,D-22-01-072644,15/01/22,,329534,329558
DESPUES DE ACTUALIZAR
9922481,D-22-01-072644,15/01/22,16/01/22,329534,329558
------------------------------------------------------------------------------------------------------------
ANTES DE ACTUALIZAR
10244490,D-22-06-011111,02/06/22,,390570,390571
DESPUES DE ACTUALIZAR
10244490,D-22-06-011111,02/06/22,03/06/22,390570,390571
------------------------------------------------------------------------------------------------------------
ANTES DE ACTUALIZAR
10261996,D-22-06-028445,07/06/22,,391540,391558
DESPUES DE ACTUALIZAR
10261996,D-22-06-028445,07/06/22,07/06/22,391540,391558
------------------------------------------------------------------------------------------------------------
ANTES DE ACTUALIZAR
10256997,D-22-06-028307,07/06/22,,391504,391506
DESPUES DE ACTUALIZAR
10256997,D-22-06-028307,07/06/22,07/06/22,391504,391506
------------------------------------------------------------------------------------------------------------


    * 13/08/22 11:30:40 - Fin Ejecucion proceso ............... 

